{
  "D:\\nstyle-copy\\src\\App.tsx": {
    "path": "D:\\nstyle-copy\\src\\App.tsx",
    "all": true,
    "statementMap": {
      "0": { "start": { "line": 1, "column": 0 }, "end": { "line": 1, "column": 19 } },
      "1": { "start": { "line": 2, "column": 0 }, "end": { "line": 2, "column": 41 } },
      "2": { "start": { "line": 3, "column": 0 }, "end": { "line": 3, "column": 41 } },
      "3": { "start": { "line": 4, "column": 0 }, "end": { "line": 4, "column": 49 } },
      "4": { "start": { "line": 5, "column": 0 }, "end": { "line": 5, "column": 32 } },
      "5": { "start": { "line": 6, "column": 0 }, "end": { "line": 6, "column": 40 } },
      "6": { "start": { "line": 7, "column": 0 }, "end": { "line": 7, "column": 40 } },
      "7": { "start": { "line": 8, "column": 0 }, "end": { "line": 8, "column": 40 } },
      "8": { "start": { "line": 9, "column": 0 }, "end": { "line": 9, "column": 32 } },
      "9": { "start": { "line": 10, "column": 0 }, "end": { "line": 10, "column": 34 } },
      "10": { "start": { "line": 11, "column": 0 }, "end": { "line": 11, "column": 49 } },
      "11": { "start": { "line": 12, "column": 0 }, "end": { "line": 12, "column": 40 } },
      "12": { "start": { "line": 13, "column": 0 }, "end": { "line": 13, "column": 52 } },
      "13": { "start": { "line": 14, "column": 0 }, "end": { "line": 14, "column": 40 } },
      "14": { "start": { "line": 15, "column": 0 }, "end": { "line": 15, "column": 40 } },
      "15": { "start": { "line": 16, "column": 0 }, "end": { "line": 16, "column": 40 } },
      "16": { "start": { "line": 17, "column": 0 }, "end": { "line": 17, "column": 32 } },
      "17": { "start": { "line": 18, "column": 0 }, "end": { "line": 18, "column": 0 } },
      "18": { "start": { "line": 19, "column": 0 }, "end": { "line": 19, "column": 16 } },
      "19": { "start": { "line": 20, "column": 0 }, "end": { "line": 20, "column": 10 } },
      "20": { "start": { "line": 21, "column": 0 }, "end": { "line": 21, "column": 6 } },
      "21": { "start": { "line": 22, "column": 0 }, "end": { "line": 22, "column": 31 } },
      "22": { "start": { "line": 23, "column": 0 }, "end": { "line": 23, "column": 18 } },
      "23": { "start": { "line": 24, "column": 0 }, "end": { "line": 24, "column": 22 } },
      "24": { "start": { "line": 25, "column": 0 }, "end": { "line": 25, "column": 16 } },
      "25": { "start": { "line": 26, "column": 0 }, "end": { "line": 26, "column": 47 } },
      "26": { "start": { "line": 27, "column": 0 }, "end": { "line": 27, "column": 51 } },
      "27": { "start": { "line": 28, "column": 0 }, "end": { "line": 28, "column": 59 } },
      "28": { "start": { "line": 29, "column": 0 }, "end": { "line": 29, "column": 59 } },
      "29": { "start": { "line": 30, "column": 0 }, "end": { "line": 30, "column": 68 } },
      "30": { "start": { "line": 31, "column": 0 }, "end": { "line": 31, "column": 59 } },
      "31": { "start": { "line": 32, "column": 0 }, "end": { "line": 32, "column": 68 } },
      "32": { "start": { "line": 33, "column": 0 }, "end": { "line": 33, "column": 68 } },
      "33": { "start": { "line": 34, "column": 0 }, "end": { "line": 34, "column": 68 } },
      "34": { "start": { "line": 35, "column": 0 }, "end": { "line": 35, "column": 51 } },
      "35": { "start": { "line": 36, "column": 0 }, "end": { "line": 36, "column": 61 } },
      "36": { "start": { "line": 37, "column": 0 }, "end": { "line": 37, "column": 48 } },
      "37": { "start": { "line": 38, "column": 0 }, "end": { "line": 38, "column": 17 } },
      "38": { "start": { "line": 39, "column": 0 }, "end": { "line": 39, "column": 12 } },
      "39": { "start": { "line": 40, "column": 0 }, "end": { "line": 40, "column": 16 } },
      "40": { "start": { "line": 41, "column": 0 }, "end": { "line": 41, "column": 7 } },
      "41": { "start": { "line": 42, "column": 0 }, "end": { "line": 42, "column": 4 } },
      "42": { "start": { "line": 43, "column": 0 }, "end": { "line": 43, "column": 1 } },
      "43": { "start": { "line": 44, "column": 0 }, "end": { "line": 44, "column": 19 } }
    },
    "s": {
      "0": 0,
      "1": 0,
      "2": 0,
      "3": 0,
      "4": 0,
      "5": 0,
      "6": 0,
      "7": 0,
      "8": 0,
      "9": 0,
      "10": 0,
      "11": 0,
      "12": 0,
      "13": 0,
      "14": 0,
      "15": 0,
      "16": 0,
      "17": 0,
      "18": 0,
      "19": 0,
      "20": 0,
      "21": 0,
      "22": 0,
      "23": 0,
      "24": 0,
      "25": 0,
      "26": 0,
      "27": 0,
      "28": 0,
      "29": 0,
      "30": 0,
      "31": 0,
      "32": 0,
      "33": 0,
      "34": 0,
      "35": 0,
      "36": 0,
      "37": 0,
      "38": 0,
      "39": 0,
      "40": 0,
      "41": 0,
      "42": 0,
      "43": 0
    },
    "branchMap": {
      "0": {
        "type": "branch",
        "line": 1,
        "loc": { "start": { "line": 1, "column": 0 }, "end": { "line": 44, "column": 19 } },
        "locations": [{ "start": { "line": 1, "column": 0 }, "end": { "line": 44, "column": 19 } }]
      }
    },
    "b": { "0": [0] },
    "fnMap": {
      "0": {
        "name": "(empty-report)",
        "decl": { "start": { "line": 1, "column": 0 }, "end": { "line": 44, "column": 19 } },
        "loc": { "start": { "line": 1, "column": 0 }, "end": { "line": 44, "column": 19 } },
        "line": 1
      }
    },
    "f": { "0": 0 }
  },
  "D:\\nstyle-copy\\src\\main.tsx": {
    "path": "D:\\nstyle-copy\\src\\main.tsx",
    "all": true,
    "statementMap": {
      "0": { "start": { "line": 1, "column": 0 }, "end": { "line": 1, "column": 26 } },
      "1": { "start": { "line": 2, "column": 0 }, "end": { "line": 2, "column": 40 } },
      "2": { "start": { "line": 3, "column": 0 }, "end": { "line": 3, "column": 28 } },
      "3": { "start": { "line": 4, "column": 0 }, "end": { "line": 4, "column": 21 } },
      "4": { "start": { "line": 5, "column": 0 }, "end": { "line": 5, "column": 49 } },
      "5": { "start": { "line": 6, "column": 0 }, "end": { "line": 6, "column": 0 } },
      "6": { "start": { "line": 7, "column": 0 }, "end": { "line": 7, "column": 61 } },
      "7": { "start": { "line": 8, "column": 0 }, "end": { "line": 8, "column": 20 } },
      "8": { "start": { "line": 9, "column": 0 }, "end": { "line": 9, "column": 19 } },
      "9": { "start": { "line": 10, "column": 0 }, "end": { "line": 10, "column": 13 } },
      "10": { "start": { "line": 11, "column": 0 }, "end": { "line": 11, "column": 20 } },
      "11": { "start": { "line": 12, "column": 0 }, "end": { "line": 12, "column": 21 } },
      "12": { "start": { "line": 13, "column": 0 }, "end": { "line": 13, "column": 2 } }
    },
    "s": {
      "0": 0,
      "1": 0,
      "2": 0,
      "3": 0,
      "4": 0,
      "5": 0,
      "6": 0,
      "7": 0,
      "8": 0,
      "9": 0,
      "10": 0,
      "11": 0,
      "12": 0
    },
    "branchMap": {
      "0": {
        "type": "branch",
        "line": 1,
        "loc": { "start": { "line": 1, "column": 0 }, "end": { "line": 13, "column": 2 } },
        "locations": [{ "start": { "line": 1, "column": 0 }, "end": { "line": 13, "column": 2 } }]
      }
    },
    "b": { "0": [0] },
    "fnMap": {
      "0": {
        "name": "(empty-report)",
        "decl": { "start": { "line": 1, "column": 0 }, "end": { "line": 13, "column": 2 } },
        "loc": { "start": { "line": 1, "column": 0 }, "end": { "line": 13, "column": 2 } },
        "line": 1
      }
    },
    "f": { "0": 0 }
  },
  "D:\\nstyle-copy\\src\\assets\\items.tsx": {
    "path": "D:\\nstyle-copy\\src\\assets\\items.tsx",
    "all": true,
    "statementMap": {
      "0": { "start": { "line": 1, "column": 0 }, "end": { "line": 1, "column": 70 } },
      "1": { "start": { "line": 2, "column": 0 }, "end": { "line": 2, "column": 0 } },
      "2": { "start": { "line": 3, "column": 0 }, "end": { "line": 3, "column": 36 } },
      "3": { "start": { "line": 4, "column": 0 }, "end": { "line": 4, "column": 8 } },
      "4": { "start": { "line": 5, "column": 0 }, "end": { "line": 5, "column": 29 } },
      "5": { "start": { "line": 6, "column": 0 }, "end": { "line": 6, "column": 13 } },
      "6": { "start": { "line": 7, "column": 0 }, "end": { "line": 7, "column": 5 } },
      "7": { "start": { "line": 8, "column": 0 }, "end": { "line": 8, "column": 12 } },
      "8": { "start": { "line": 9, "column": 0 }, "end": { "line": 9, "column": 40 } },
      "9": { "start": { "line": 10, "column": 0 }, "end": { "line": 10, "column": 15 } },
      "10": { "start": { "line": 11, "column": 0 }, "end": { "line": 11, "column": 6 } },
      "11": { "start": { "line": 12, "column": 0 }, "end": { "line": 12, "column": 5 } },
      "12": { "start": { "line": 13, "column": 0 }, "end": { "line": 13, "column": 12 } },
      "13": { "start": { "line": 14, "column": 0 }, "end": { "line": 14, "column": 39 } },
      "14": { "start": { "line": 15, "column": 0 }, "end": { "line": 15, "column": 15 } },
      "15": { "start": { "line": 16, "column": 0 }, "end": { "line": 16, "column": 6 } },
      "16": { "start": { "line": 17, "column": 0 }, "end": { "line": 17, "column": 5 } },
      "17": { "start": { "line": 18, "column": 0 }, "end": { "line": 18, "column": 12 } },
      "18": { "start": { "line": 19, "column": 0 }, "end": { "line": 19, "column": 48 } },
      "19": { "start": { "line": 20, "column": 0 }, "end": { "line": 20, "column": 15 } },
      "20": { "start": { "line": 21, "column": 0 }, "end": { "line": 21, "column": 6 } },
      "21": { "start": { "line": 22, "column": 0 }, "end": { "line": 22, "column": 5 } },
      "22": { "start": { "line": 23, "column": 0 }, "end": { "line": 23, "column": 12 } },
      "23": { "start": { "line": 24, "column": 0 }, "end": { "line": 24, "column": 46 } },
      "24": { "start": { "line": 25, "column": 0 }, "end": { "line": 25, "column": 15 } },
      "25": { "start": { "line": 26, "column": 0 }, "end": { "line": 26, "column": 6 } },
      "26": { "start": { "line": 27, "column": 0 }, "end": { "line": 27, "column": 5 } },
      "27": { "start": { "line": 28, "column": 0 }, "end": { "line": 28, "column": 12 } },
      "28": { "start": { "line": 29, "column": 0 }, "end": { "line": 29, "column": 46 } },
      "29": { "start": { "line": 30, "column": 0 }, "end": { "line": 30, "column": 15 } },
      "30": { "start": { "line": 31, "column": 0 }, "end": { "line": 31, "column": 6 } },
      "31": { "start": { "line": 32, "column": 0 }, "end": { "line": 32, "column": 5 } },
      "32": { "start": { "line": 33, "column": 0 }, "end": { "line": 33, "column": 12 } },
      "33": { "start": { "line": 34, "column": 0 }, "end": { "line": 34, "column": 36 } },
      "34": { "start": { "line": 35, "column": 0 }, "end": { "line": 35, "column": 14 } },
      "35": { "start": { "line": 36, "column": 0 }, "end": { "line": 36, "column": 6 } },
      "36": { "start": { "line": 37, "column": 0 }, "end": { "line": 37, "column": 5 } },
      "37": { "start": { "line": 38, "column": 0 }, "end": { "line": 38, "column": 12 } },
      "38": { "start": { "line": 39, "column": 0 }, "end": { "line": 39, "column": 57 } },
      "39": { "start": { "line": 40, "column": 0 }, "end": { "line": 40, "column": 14 } },
      "40": { "start": { "line": 41, "column": 0 }, "end": { "line": 41, "column": 6 } },
      "41": { "start": { "line": 42, "column": 0 }, "end": { "line": 42, "column": 4 } },
      "42": { "start": { "line": 43, "column": 0 }, "end": { "line": 43, "column": 2 } },
      "43": { "start": { "line": 44, "column": 0 }, "end": { "line": 44, "column": 0 } },
      "44": { "start": { "line": 45, "column": 0 }, "end": { "line": 45, "column": 37 } },
      "45": { "start": { "line": 46, "column": 0 }, "end": { "line": 46, "column": 8 } },
      "46": { "start": { "line": 47, "column": 0 }, "end": { "line": 47, "column": 16 } },
      "47": { "start": { "line": 48, "column": 0 }, "end": { "line": 48, "column": 13 } },
      "48": { "start": { "line": 49, "column": 0 }, "end": { "line": 49, "column": 5 } },
      "49": { "start": { "line": 50, "column": 0 }, "end": { "line": 50, "column": 12 } },
      "50": { "start": { "line": 51, "column": 0 }, "end": { "line": 51, "column": 29 } },
      "51": { "start": { "line": 52, "column": 0 }, "end": { "line": 52, "column": 15 } },
      "52": { "start": { "line": 53, "column": 0 }, "end": { "line": 53, "column": 6 } },
      "53": { "start": { "line": 54, "column": 0 }, "end": { "line": 54, "column": 5 } },
      "54": { "start": { "line": 55, "column": 0 }, "end": { "line": 55, "column": 12 } },
      "55": { "start": { "line": 56, "column": 0 }, "end": { "line": 56, "column": 30 } },
      "56": { "start": { "line": 57, "column": 0 }, "end": { "line": 57, "column": 15 } },
      "57": { "start": { "line": 58, "column": 0 }, "end": { "line": 58, "column": 6 } },
      "58": { "start": { "line": 59, "column": 0 }, "end": { "line": 59, "column": 5 } },
      "59": { "start": { "line": 60, "column": 0 }, "end": { "line": 60, "column": 12 } },
      "60": { "start": { "line": 61, "column": 0 }, "end": { "line": 61, "column": 34 } },
      "61": { "start": { "line": 62, "column": 0 }, "end": { "line": 62, "column": 15 } },
      "62": { "start": { "line": 63, "column": 0 }, "end": { "line": 63, "column": 6 } },
      "63": { "start": { "line": 64, "column": 0 }, "end": { "line": 64, "column": 5 } },
      "64": { "start": { "line": 65, "column": 0 }, "end": { "line": 65, "column": 12 } },
      "65": { "start": { "line": 66, "column": 0 }, "end": { "line": 66, "column": 40 } },
      "66": { "start": { "line": 67, "column": 0 }, "end": { "line": 67, "column": 15 } },
      "67": { "start": { "line": 68, "column": 0 }, "end": { "line": 68, "column": 6 } },
      "68": { "start": { "line": 69, "column": 0 }, "end": { "line": 69, "column": 5 } },
      "69": { "start": { "line": 70, "column": 0 }, "end": { "line": 70, "column": 12 } },
      "70": { "start": { "line": 71, "column": 0 }, "end": { "line": 71, "column": 32 } },
      "71": { "start": { "line": 72, "column": 0 }, "end": { "line": 72, "column": 15 } },
      "72": { "start": { "line": 73, "column": 0 }, "end": { "line": 73, "column": 6 } },
      "73": { "start": { "line": 74, "column": 0 }, "end": { "line": 74, "column": 5 } },
      "74": { "start": { "line": 75, "column": 0 }, "end": { "line": 75, "column": 12 } },
      "75": { "start": { "line": 76, "column": 0 }, "end": { "line": 76, "column": 68 } },
      "76": { "start": { "line": 77, "column": 0 }, "end": { "line": 77, "column": 15 } },
      "77": { "start": { "line": 78, "column": 0 }, "end": { "line": 78, "column": 6 } },
      "78": { "start": { "line": 79, "column": 0 }, "end": { "line": 79, "column": 5 } },
      "79": { "start": { "line": 80, "column": 0 }, "end": { "line": 80, "column": 12 } },
      "80": { "start": { "line": 81, "column": 0 }, "end": { "line": 81, "column": 65 } },
      "81": { "start": { "line": 82, "column": 0 }, "end": { "line": 82, "column": 15 } },
      "82": { "start": { "line": 83, "column": 0 }, "end": { "line": 83, "column": 6 } },
      "83": { "start": { "line": 84, "column": 0 }, "end": { "line": 84, "column": 5 } },
      "84": { "start": { "line": 85, "column": 0 }, "end": { "line": 85, "column": 12 } },
      "85": { "start": { "line": 86, "column": 0 }, "end": { "line": 86, "column": 79 } },
      "86": { "start": { "line": 87, "column": 0 }, "end": { "line": 87, "column": 15 } },
      "87": { "start": { "line": 88, "column": 0 }, "end": { "line": 88, "column": 6 } },
      "88": { "start": { "line": 89, "column": 0 }, "end": { "line": 89, "column": 5 } },
      "89": { "start": { "line": 90, "column": 0 }, "end": { "line": 90, "column": 12 } },
      "90": { "start": { "line": 91, "column": 0 }, "end": { "line": 91, "column": 71 } },
      "91": { "start": { "line": 92, "column": 0 }, "end": { "line": 92, "column": 15 } },
      "92": { "start": { "line": 93, "column": 0 }, "end": { "line": 93, "column": 6 } },
      "93": { "start": { "line": 94, "column": 0 }, "end": { "line": 94, "column": 5 } },
      "94": { "start": { "line": 95, "column": 0 }, "end": { "line": 95, "column": 13 } },
      "95": { "start": { "line": 96, "column": 0 }, "end": { "line": 96, "column": 44 } },
      "96": { "start": { "line": 97, "column": 0 }, "end": { "line": 97, "column": 15 } },
      "97": { "start": { "line": 98, "column": 0 }, "end": { "line": 98, "column": 6 } },
      "98": { "start": { "line": 99, "column": 0 }, "end": { "line": 99, "column": 5 } },
      "99": { "start": { "line": 100, "column": 0 }, "end": { "line": 100, "column": 13 } },
      "100": { "start": { "line": 101, "column": 0 }, "end": { "line": 101, "column": 80 } },
      "101": { "start": { "line": 102, "column": 0 }, "end": { "line": 102, "column": 15 } },
      "102": { "start": { "line": 103, "column": 0 }, "end": { "line": 103, "column": 6 } },
      "103": { "start": { "line": 104, "column": 0 }, "end": { "line": 104, "column": 5 } },
      "104": { "start": { "line": 105, "column": 0 }, "end": { "line": 105, "column": 13 } },
      "105": { "start": { "line": 106, "column": 0 }, "end": { "line": 106, "column": 34 } },
      "106": { "start": { "line": 107, "column": 0 }, "end": { "line": 107, "column": 15 } },
      "107": { "start": { "line": 108, "column": 0 }, "end": { "line": 108, "column": 6 } },
      "108": { "start": { "line": 109, "column": 0 }, "end": { "line": 109, "column": 5 } },
      "109": { "start": { "line": 110, "column": 0 }, "end": { "line": 110, "column": 13 } },
      "110": { "start": { "line": 111, "column": 0 }, "end": { "line": 111, "column": 57 } },
      "111": { "start": { "line": 112, "column": 0 }, "end": { "line": 112, "column": 15 } },
      "112": { "start": { "line": 113, "column": 0 }, "end": { "line": 113, "column": 6 } },
      "113": { "start": { "line": 114, "column": 0 }, "end": { "line": 114, "column": 4 } },
      "114": { "start": { "line": 115, "column": 0 }, "end": { "line": 115, "column": 2 } },
      "115": { "start": { "line": 116, "column": 0 }, "end": { "line": 116, "column": 0 } },
      "116": { "start": { "line": 117, "column": 0 }, "end": { "line": 117, "column": 44 } },
      "117": { "start": { "line": 118, "column": 0 }, "end": { "line": 118, "column": 29 } },
      "118": { "start": { "line": 119, "column": 0 }, "end": { "line": 119, "column": 33 } },
      "119": { "start": { "line": 120, "column": 0 }, "end": { "line": 120, "column": 2 } },
      "120": { "start": { "line": 121, "column": 0 }, "end": { "line": 121, "column": 0 } },
      "121": { "start": { "line": 122, "column": 0 }, "end": { "line": 122, "column": 51 } },
      "122": { "start": { "line": 123, "column": 0 }, "end": { "line": 123, "column": 16 } },
      "123": { "start": { "line": 124, "column": 0 }, "end": { "line": 124, "column": 15 } },
      "124": { "start": { "line": 125, "column": 0 }, "end": { "line": 125, "column": 23 } },
      "125": { "start": { "line": 126, "column": 0 }, "end": { "line": 126, "column": 20 } },
      "126": { "start": { "line": 127, "column": 0 }, "end": { "line": 127, "column": 21 } },
      "127": { "start": { "line": 128, "column": 0 }, "end": { "line": 128, "column": 18 } },
      "128": { "start": { "line": 129, "column": 0 }, "end": { "line": 129, "column": 24 } },
      "129": { "start": { "line": 130, "column": 0 }, "end": { "line": 130, "column": 39 } },
      "130": { "start": { "line": 131, "column": 0 }, "end": { "line": 131, "column": 30 } },
      "131": { "start": { "line": 132, "column": 0 }, "end": { "line": 132, "column": 28 } },
      "132": { "start": { "line": 133, "column": 0 }, "end": { "line": 133, "column": 30 } },
      "133": { "start": { "line": 134, "column": 0 }, "end": { "line": 134, "column": 2 } },
      "134": { "start": { "line": 135, "column": 0 }, "end": { "line": 135, "column": 45 } }
    },
    "s": {
      "0": 0,
      "1": 0,
      "2": 0,
      "3": 0,
      "4": 0,
      "5": 0,
      "6": 0,
      "7": 0,
      "8": 0,
      "9": 0,
      "10": 0,
      "11": 0,
      "12": 0,
      "13": 0,
      "14": 0,
      "15": 0,
      "16": 0,
      "17": 0,
      "18": 0,
      "19": 0,
      "20": 0,
      "21": 0,
      "22": 0,
      "23": 0,
      "24": 0,
      "25": 0,
      "26": 0,
      "27": 0,
      "28": 0,
      "29": 0,
      "30": 0,
      "31": 0,
      "32": 0,
      "33": 0,
      "34": 0,
      "35": 0,
      "36": 0,
      "37": 0,
      "38": 0,
      "39": 0,
      "40": 0,
      "41": 0,
      "42": 0,
      "43": 0,
      "44": 0,
      "45": 0,
      "46": 0,
      "47": 0,
      "48": 0,
      "49": 0,
      "50": 0,
      "51": 0,
      "52": 0,
      "53": 0,
      "54": 0,
      "55": 0,
      "56": 0,
      "57": 0,
      "58": 0,
      "59": 0,
      "60": 0,
      "61": 0,
      "62": 0,
      "63": 0,
      "64": 0,
      "65": 0,
      "66": 0,
      "67": 0,
      "68": 0,
      "69": 0,
      "70": 0,
      "71": 0,
      "72": 0,
      "73": 0,
      "74": 0,
      "75": 0,
      "76": 0,
      "77": 0,
      "78": 0,
      "79": 0,
      "80": 0,
      "81": 0,
      "82": 0,
      "83": 0,
      "84": 0,
      "85": 0,
      "86": 0,
      "87": 0,
      "88": 0,
      "89": 0,
      "90": 0,
      "91": 0,
      "92": 0,
      "93": 0,
      "94": 0,
      "95": 0,
      "96": 0,
      "97": 0,
      "98": 0,
      "99": 0,
      "100": 0,
      "101": 0,
      "102": 0,
      "103": 0,
      "104": 0,
      "105": 0,
      "106": 0,
      "107": 0,
      "108": 0,
      "109": 0,
      "110": 0,
      "111": 0,
      "112": 0,
      "113": 0,
      "114": 0,
      "115": 0,
      "116": 0,
      "117": 0,
      "118": 0,
      "119": 0,
      "120": 0,
      "121": 0,
      "122": 0,
      "123": 0,
      "124": 0,
      "125": 0,
      "126": 0,
      "127": 0,
      "128": 0,
      "129": 0,
      "130": 0,
      "131": 0,
      "132": 0,
      "133": 0,
      "134": 0
    },
    "branchMap": {
      "0": {
        "type": "branch",
        "line": 1,
        "loc": { "start": { "line": 1, "column": 0 }, "end": { "line": 135, "column": 45 } },
        "locations": [{ "start": { "line": 1, "column": 0 }, "end": { "line": 135, "column": 45 } }]
      }
    },
    "b": { "0": [0] },
    "fnMap": {
      "0": {
        "name": "(empty-report)",
        "decl": { "start": { "line": 1, "column": 0 }, "end": { "line": 135, "column": 45 } },
        "loc": { "start": { "line": 1, "column": 0 }, "end": { "line": 135, "column": 45 } },
        "line": 1
      }
    },
    "f": { "0": 0 }
  },
  "D:\\nstyle-copy\\src\\components\\costTable\\costTabele.tsx": {
    "path": "D:\\nstyle-copy\\src\\components\\costTable\\costTabele.tsx",
    "all": true,
    "statementMap": {
      "0": { "start": { "line": 1, "column": 0 }, "end": { "line": 1, "column": 53 } },
      "1": { "start": { "line": 2, "column": 0 }, "end": { "line": 2, "column": 25 } },
      "2": { "start": { "line": 3, "column": 0 }, "end": { "line": 3, "column": 0 } },
      "3": { "start": { "line": 4, "column": 0 }, "end": { "line": 4, "column": 48 } },
      "4": { "start": { "line": 5, "column": 0 }, "end": { "line": 5, "column": 35 } },
      "5": { "start": { "line": 6, "column": 0 }, "end": { "line": 6, "column": 10 } },
      "6": { "start": { "line": 7, "column": 0 }, "end": { "line": 7, "column": 38 } },
      "7": { "start": { "line": 8, "column": 0 }, "end": { "line": 8, "column": 51 } },
      "8": { "start": { "line": 9, "column": 0 }, "end": { "line": 9, "column": 40 } },
      "9": { "start": { "line": 10, "column": 0 }, "end": { "line": 10, "column": 36 } },
      "10": { "start": { "line": 11, "column": 0 }, "end": { "line": 11, "column": 66 } },
      "11": { "start": { "line": 12, "column": 0 }, "end": { "line": 12, "column": 26 } },
      "12": { "start": { "line": 13, "column": 0 }, "end": { "line": 13, "column": 44 } },
      "13": { "start": { "line": 14, "column": 0 }, "end": { "line": 14, "column": 15 } },
      "14": { "start": { "line": 15, "column": 0 }, "end": { "line": 15, "column": 11 } },
      "15": { "start": { "line": 16, "column": 0 }, "end": { "line": 16, "column": 11 } },
      "16": { "start": { "line": 17, "column": 0 }, "end": { "line": 17, "column": 42 } },
      "17": { "start": { "line": 18, "column": 0 }, "end": { "line": 18, "column": 12 } },
      "18": { "start": { "line": 19, "column": 0 }, "end": { "line": 19, "column": 84 } },
      "19": { "start": { "line": 20, "column": 0 }, "end": { "line": 20, "column": 27 } },
      "20": { "start": { "line": 21, "column": 0 }, "end": { "line": 21, "column": 10 } },
      "21": { "start": { "line": 22, "column": 0 }, "end": { "line": 22, "column": 12 } },
      "22": { "start": { "line": 23, "column": 0 }, "end": { "line": 23, "column": 14 } },
      "23": { "start": { "line": 24, "column": 0 }, "end": { "line": 24, "column": 4 } },
      "24": { "start": { "line": 25, "column": 0 }, "end": { "line": 25, "column": 2 } },
      "25": { "start": { "line": 26, "column": 0 }, "end": { "line": 26, "column": 0 } },
      "26": { "start": { "line": 27, "column": 0 }, "end": { "line": 27, "column": 25 } }
    },
    "s": {
      "0": 0,
      "1": 0,
      "2": 0,
      "3": 0,
      "4": 0,
      "5": 0,
      "6": 0,
      "7": 0,
      "8": 0,
      "9": 0,
      "10": 0,
      "11": 0,
      "12": 0,
      "13": 0,
      "14": 0,
      "15": 0,
      "16": 0,
      "17": 0,
      "18": 0,
      "19": 0,
      "20": 0,
      "21": 0,
      "22": 0,
      "23": 0,
      "24": 0,
      "25": 0,
      "26": 0
    },
    "branchMap": {
      "0": {
        "type": "branch",
        "line": 1,
        "loc": { "start": { "line": 1, "column": 0 }, "end": { "line": 27, "column": 25 } },
        "locations": [{ "start": { "line": 1, "column": 0 }, "end": { "line": 27, "column": 25 } }]
      }
    },
    "b": { "0": [0] },
    "fnMap": {
      "0": {
        "name": "(empty-report)",
        "decl": { "start": { "line": 1, "column": 0 }, "end": { "line": 27, "column": 25 } },
        "loc": { "start": { "line": 1, "column": 0 }, "end": { "line": 27, "column": 25 } },
        "line": 1
      }
    },
    "f": { "0": 0 }
  },
  "D:\\nstyle-copy\\src\\components\\costTable\\index.tsx": {
    "path": "D:\\nstyle-copy\\src\\components\\costTable\\index.tsx",
    "all": true,
    "statementMap": {
      "0": { "start": { "line": 1, "column": 0 }, "end": { "line": 1, "column": 37 } },
      "1": { "start": { "line": 2, "column": 0 }, "end": { "line": 2, "column": 0 } },
      "2": { "start": { "line": 3, "column": 0 }, "end": { "line": 3, "column": 25 } }
    },
    "s": { "0": 0, "1": 0, "2": 0 },
    "branchMap": {
      "0": {
        "type": "branch",
        "line": 1,
        "loc": { "start": { "line": 1, "column": 0 }, "end": { "line": 3, "column": 25 } },
        "locations": [{ "start": { "line": 1, "column": 0 }, "end": { "line": 3, "column": 25 } }]
      }
    },
    "b": { "0": [0] },
    "fnMap": {
      "0": {
        "name": "(empty-report)",
        "decl": { "start": { "line": 1, "column": 0 }, "end": { "line": 3, "column": 25 } },
        "loc": { "start": { "line": 1, "column": 0 }, "end": { "line": 3, "column": 25 } },
        "line": 1
      }
    },
    "f": { "0": 0 }
  },
  "D:\\nstyle-copy\\src\\components\\feedbackInfo\\feedbackInfo.tsx": {
    "path": "D:\\nstyle-copy\\src\\components\\feedbackInfo\\feedbackInfo.tsx",
    "all": false,
    "statementMap": {
      "0": { "start": { "line": 1, "column": 0 }, "end": { "line": 1, "column": 65 } },
      "1": { "start": { "line": 2, "column": 0 }, "end": { "line": 2, "column": 79 } },
      "2": { "start": { "line": 3, "column": 0 }, "end": { "line": 3, "column": 28 } },
      "3": { "start": { "line": 4, "column": 0 }, "end": { "line": 4, "column": 49 } },
      "4": { "start": { "line": 5, "column": 0 }, "end": { "line": 5, "column": 0 } },
      "5": { "start": { "line": 6, "column": 0 }, "end": { "line": 6, "column": 28 } },
      "6": { "start": { "line": 7, "column": 0 }, "end": { "line": 7, "column": 10 } },
      "7": { "start": { "line": 8, "column": 0 }, "end": { "line": 8, "column": 35 } },
      "8": { "start": { "line": 9, "column": 0 }, "end": { "line": 9, "column": 25 } },
      "9": { "start": { "line": 10, "column": 0 }, "end": { "line": 10, "column": 30 } },
      "10": { "start": { "line": 11, "column": 0 }, "end": { "line": 11, "column": 37 } },
      "11": { "start": { "line": 12, "column": 0 }, "end": { "line": 12, "column": 12 } },
      "12": { "start": { "line": 13, "column": 0 }, "end": { "line": 13, "column": 86 } },
      "13": { "start": { "line": 14, "column": 0 }, "end": { "line": 14, "column": 35 } },
      "14": { "start": { "line": 15, "column": 0 }, "end": { "line": 15, "column": 35 } },
      "15": { "start": { "line": 16, "column": 0 }, "end": { "line": 16, "column": 37 } },
      "16": { "start": { "line": 17, "column": 0 }, "end": { "line": 17, "column": 27 } },
      "17": { "start": { "line": 18, "column": 0 }, "end": { "line": 18, "column": 34 } },
      "18": { "start": { "line": 19, "column": 0 }, "end": { "line": 19, "column": 11 } },
      "19": { "start": { "line": 20, "column": 0 }, "end": { "line": 20, "column": 52 } },
      "20": { "start": { "line": 21, "column": 0 }, "end": { "line": 21, "column": 14 } },
      "21": { "start": { "line": 22, "column": 0 }, "end": { "line": 22, "column": 14 } },
      "22": { "start": { "line": 23, "column": 0 }, "end": { "line": 23, "column": 39 } },
      "23": { "start": { "line": 24, "column": 0 }, "end": { "line": 24, "column": 12 } },
      "24": { "start": { "line": 25, "column": 0 }, "end": { "line": 25, "column": 86 } },
      "25": { "start": { "line": 26, "column": 0 }, "end": { "line": 26, "column": 35 } },
      "26": { "start": { "line": 27, "column": 0 }, "end": { "line": 27, "column": 36 } },
      "27": { "start": { "line": 28, "column": 0 }, "end": { "line": 28, "column": 37 } },
      "28": { "start": { "line": 29, "column": 0 }, "end": { "line": 29, "column": 27 } },
      "29": { "start": { "line": 30, "column": 0 }, "end": { "line": 30, "column": 34 } },
      "30": { "start": { "line": 31, "column": 0 }, "end": { "line": 31, "column": 11 } },
      "31": { "start": { "line": 32, "column": 0 }, "end": { "line": 32, "column": 39 } },
      "32": { "start": { "line": 33, "column": 0 }, "end": { "line": 33, "column": 14 } },
      "33": { "start": { "line": 34, "column": 0 }, "end": { "line": 34, "column": 14 } },
      "34": { "start": { "line": 35, "column": 0 }, "end": { "line": 35, "column": 73 } },
      "35": { "start": { "line": 36, "column": 0 }, "end": { "line": 36, "column": 12 } },
      "36": { "start": { "line": 37, "column": 0 }, "end": { "line": 37, "column": 29 } },
      "37": { "start": { "line": 38, "column": 0 }, "end": { "line": 38, "column": 36 } },
      "38": { "start": { "line": 39, "column": 0 }, "end": { "line": 39, "column": 125 } },
      "39": { "start": { "line": 40, "column": 0 }, "end": { "line": 40, "column": 50 } },
      "40": { "start": { "line": 41, "column": 0 }, "end": { "line": 41, "column": 14 } },
      "41": { "start": { "line": 42, "column": 0 }, "end": { "line": 42, "column": 14 } },
      "42": { "start": { "line": 43, "column": 0 }, "end": { "line": 43, "column": 38 } },
      "43": { "start": { "line": 44, "column": 0 }, "end": { "line": 44, "column": 126 } },
      "44": { "start": { "line": 45, "column": 0 }, "end": { "line": 45, "column": 31 } },
      "45": { "start": { "line": 46, "column": 0 }, "end": { "line": 46, "column": 14 } },
      "46": { "start": { "line": 47, "column": 0 }, "end": { "line": 47, "column": 14 } },
      "47": { "start": { "line": 48, "column": 0 }, "end": { "line": 48, "column": 12 } },
      "48": { "start": { "line": 49, "column": 0 }, "end": { "line": 49, "column": 10 } },
      "49": { "start": { "line": 50, "column": 0 }, "end": { "line": 50, "column": 4 } },
      "50": { "start": { "line": 51, "column": 0 }, "end": { "line": 51, "column": 2 } },
      "51": { "start": { "line": 52, "column": 0 }, "end": { "line": 52, "column": 0 } },
      "52": { "start": { "line": 53, "column": 0 }, "end": { "line": 53, "column": 28 } }
    },
    "s": {
      "0": 1,
      "1": 1,
      "2": 1,
      "3": 1,
      "4": 1,
      "5": 1,
      "6": 4,
      "7": 4,
      "8": 4,
      "9": 4,
      "10": 4,
      "11": 4,
      "12": 4,
      "13": 4,
      "14": 4,
      "15": 4,
      "16": 4,
      "17": 4,
      "18": 4,
      "19": 4,
      "20": 4,
      "21": 4,
      "22": 4,
      "23": 4,
      "24": 4,
      "25": 4,
      "26": 4,
      "27": 4,
      "28": 4,
      "29": 4,
      "30": 4,
      "31": 4,
      "32": 4,
      "33": 4,
      "34": 4,
      "35": 4,
      "36": 4,
      "37": 4,
      "38": 4,
      "39": 4,
      "40": 4,
      "41": 4,
      "42": 4,
      "43": 4,
      "44": 4,
      "45": 4,
      "46": 4,
      "47": 4,
      "48": 4,
      "49": 4,
      "50": 4,
      "51": 1,
      "52": 1
    },
    "branchMap": {
      "0": {
        "type": "branch",
        "line": 6,
        "loc": { "start": { "line": 6, "column": 21 }, "end": { "line": 51, "column": 2 } },
        "locations": [{ "start": { "line": 6, "column": 21 }, "end": { "line": 51, "column": 2 } }]
      }
    },
    "b": { "0": [4] },
    "fnMap": {
      "0": {
        "name": "FeedbackInfo",
        "decl": { "start": { "line": 6, "column": 21 }, "end": { "line": 51, "column": 2 } },
        "loc": { "start": { "line": 6, "column": 21 }, "end": { "line": 51, "column": 2 } },
        "line": 6
      }
    },
    "f": { "0": 4 }
  },
  "D:\\nstyle-copy\\src\\components\\feedbackInfo\\index.tsx": {
    "path": "D:\\nstyle-copy\\src\\components\\feedbackInfo\\index.tsx",
    "all": true,
    "statementMap": {
      "0": { "start": { "line": 1, "column": 0 }, "end": { "line": 1, "column": 42 } },
      "1": { "start": { "line": 2, "column": 0 }, "end": { "line": 2, "column": 28 } }
    },
    "s": { "0": 0, "1": 0 },
    "branchMap": {
      "0": {
        "type": "branch",
        "line": 1,
        "loc": { "start": { "line": 1, "column": 0 }, "end": { "line": 2, "column": 28 } },
        "locations": [{ "start": { "line": 1, "column": 0 }, "end": { "line": 2, "column": 28 } }]
      }
    },
    "b": { "0": [0] },
    "fnMap": {
      "0": {
        "name": "(empty-report)",
        "decl": { "start": { "line": 1, "column": 0 }, "end": { "line": 2, "column": 28 } },
        "loc": { "start": { "line": 1, "column": 0 }, "end": { "line": 2, "column": 28 } },
        "line": 1
      }
    },
    "f": { "0": 0 }
  },
  "D:\\nstyle-copy\\src\\components\\footer\\footer.tsx": {
    "path": "D:\\nstyle-copy\\src\\components\\footer\\footer.tsx",
    "all": false,
    "statementMap": {
      "0": { "start": { "line": 1, "column": 0 }, "end": { "line": 1, "column": 43 } },
      "1": { "start": { "line": 2, "column": 0 }, "end": { "line": 2, "column": 22 } },
      "2": { "start": { "line": 3, "column": 0 }, "end": { "line": 3, "column": 49 } },
      "3": { "start": { "line": 4, "column": 0 }, "end": { "line": 4, "column": 0 } },
      "4": { "start": { "line": 5, "column": 0 }, "end": { "line": 5, "column": 22 } },
      "5": { "start": { "line": 6, "column": 0 }, "end": { "line": 6, "column": 10 } },
      "6": { "start": { "line": 7, "column": 0 }, "end": { "line": 7, "column": 31 } },
      "7": { "start": { "line": 8, "column": 0 }, "end": { "line": 8, "column": 35 } },
      "8": { "start": { "line": 9, "column": 0 }, "end": { "line": 9, "column": 12 } },
      "9": { "start": { "line": 10, "column": 0 }, "end": { "line": 10, "column": 39 } },
      "10": { "start": { "line": 11, "column": 0 }, "end": { "line": 11, "column": 84 } },
      "11": { "start": { "line": 12, "column": 0 }, "end": { "line": 12, "column": 27 } },
      "12": { "start": { "line": 13, "column": 0 }, "end": { "line": 13, "column": 10 } },
      "13": { "start": { "line": 14, "column": 0 }, "end": { "line": 14, "column": 36 } },
      "14": { "start": { "line": 15, "column": 0 }, "end": { "line": 15, "column": 42 } },
      "15": { "start": { "line": 16, "column": 0 }, "end": { "line": 16, "column": 49 } },
      "16": { "start": { "line": 17, "column": 0 }, "end": { "line": 17, "column": 47 } },
      "17": { "start": { "line": 18, "column": 0 }, "end": { "line": 18, "column": 17 } },
      "18": { "start": { "line": 19, "column": 0 }, "end": { "line": 19, "column": 49 } },
      "19": { "start": { "line": 20, "column": 0 }, "end": { "line": 20, "column": 48 } },
      "20": { "start": { "line": 21, "column": 0 }, "end": { "line": 21, "column": 17 } },
      "21": { "start": { "line": 22, "column": 0 }, "end": { "line": 22, "column": 49 } },
      "22": { "start": { "line": 23, "column": 0 }, "end": { "line": 23, "column": 54 } },
      "23": { "start": { "line": 24, "column": 0 }, "end": { "line": 24, "column": 17 } },
      "24": { "start": { "line": 25, "column": 0 }, "end": { "line": 25, "column": 49 } },
      "25": { "start": { "line": 26, "column": 0 }, "end": { "line": 26, "column": 76 } },
      "26": { "start": { "line": 27, "column": 0 }, "end": { "line": 27, "column": 17 } },
      "27": { "start": { "line": 28, "column": 0 }, "end": { "line": 28, "column": 15 } },
      "28": { "start": { "line": 29, "column": 0 }, "end": { "line": 29, "column": 14 } },
      "29": { "start": { "line": 30, "column": 0 }, "end": { "line": 30, "column": 12 } },
      "30": { "start": { "line": 31, "column": 0 }, "end": { "line": 31, "column": 37 } },
      "31": { "start": { "line": 32, "column": 0 }, "end": { "line": 32, "column": 77 } },
      "32": { "start": { "line": 33, "column": 0 }, "end": { "line": 33, "column": 14 } },
      "33": { "start": { "line": 34, "column": 0 }, "end": { "line": 34, "column": 41 } },
      "34": { "start": { "line": 35, "column": 0 }, "end": { "line": 35, "column": 72 } },
      "35": { "start": { "line": 36, "column": 0 }, "end": { "line": 36, "column": 32 } },
      "36": { "start": { "line": 37, "column": 0 }, "end": { "line": 37, "column": 12 } },
      "37": { "start": { "line": 38, "column": 0 }, "end": { "line": 38, "column": 18 } },
      "38": { "start": { "line": 39, "column": 0 }, "end": { "line": 39, "column": 27 } },
      "39": { "start": { "line": 40, "column": 0 }, "end": { "line": 40, "column": 39 } },
      "40": { "start": { "line": 41, "column": 0 }, "end": { "line": 41, "column": 35 } },
      "41": { "start": { "line": 42, "column": 0 }, "end": { "line": 42, "column": 16 } },
      "42": { "start": { "line": 43, "column": 0 }, "end": { "line": 43, "column": 24 } },
      "43": { "start": { "line": 44, "column": 0 }, "end": { "line": 44, "column": 16 } },
      "44": { "start": { "line": 45, "column": 0 }, "end": { "line": 45, "column": 44 } },
      "45": { "start": { "line": 46, "column": 0 }, "end": { "line": 46, "column": 16 } },
      "46": { "start": { "line": 47, "column": 0 }, "end": { "line": 47, "column": 26 } },
      "47": { "start": { "line": 48, "column": 0 }, "end": { "line": 48, "column": 12 } },
      "48": { "start": { "line": 49, "column": 0 }, "end": { "line": 49, "column": 12 } },
      "49": { "start": { "line": 50, "column": 0 }, "end": { "line": 50, "column": 36 } },
      "50": { "start": { "line": 51, "column": 0 }, "end": { "line": 51, "column": 12 } },
      "51": { "start": { "line": 52, "column": 0 }, "end": { "line": 52, "column": 84 } },
      "52": { "start": { "line": 53, "column": 0 }, "end": { "line": 53, "column": 27 } },
      "53": { "start": { "line": 54, "column": 0 }, "end": { "line": 54, "column": 10 } },
      "54": { "start": { "line": 55, "column": 0 }, "end": { "line": 55, "column": 36 } },
      "55": { "start": { "line": 56, "column": 0 }, "end": { "line": 56, "column": 42 } },
      "56": { "start": { "line": 57, "column": 0 }, "end": { "line": 57, "column": 49 } },
      "57": { "start": { "line": 58, "column": 0 }, "end": { "line": 58, "column": 48 } },
      "58": { "start": { "line": 59, "column": 0 }, "end": { "line": 59, "column": 17 } },
      "59": { "start": { "line": 60, "column": 0 }, "end": { "line": 60, "column": 49 } },
      "60": { "start": { "line": 61, "column": 0 }, "end": { "line": 61, "column": 51 } },
      "61": { "start": { "line": 62, "column": 0 }, "end": { "line": 62, "column": 17 } },
      "62": { "start": { "line": 63, "column": 0 }, "end": { "line": 63, "column": 49 } },
      "63": { "start": { "line": 64, "column": 0 }, "end": { "line": 64, "column": 57 } },
      "64": { "start": { "line": 65, "column": 0 }, "end": { "line": 65, "column": 17 } },
      "65": { "start": { "line": 66, "column": 0 }, "end": { "line": 66, "column": 49 } },
      "66": { "start": { "line": 67, "column": 0 }, "end": { "line": 67, "column": 56 } },
      "67": { "start": { "line": 68, "column": 0 }, "end": { "line": 68, "column": 17 } },
      "68": { "start": { "line": 69, "column": 0 }, "end": { "line": 69, "column": 15 } },
      "69": { "start": { "line": 70, "column": 0 }, "end": { "line": 70, "column": 14 } },
      "70": { "start": { "line": 71, "column": 0 }, "end": { "line": 71, "column": 12 } },
      "71": { "start": { "line": 72, "column": 0 }, "end": { "line": 72, "column": 43 } },
      "72": { "start": { "line": 73, "column": 0 }, "end": { "line": 73, "column": 65 } },
      "73": { "start": { "line": 74, "column": 0 }, "end": { "line": 74, "column": 80 } },
      "74": { "start": { "line": 75, "column": 0 }, "end": { "line": 75, "column": 51 } },
      "75": { "start": { "line": 76, "column": 0 }, "end": { "line": 76, "column": 12 } },
      "76": { "start": { "line": 77, "column": 0 }, "end": { "line": 77, "column": 13 } },
      "77": { "start": { "line": 78, "column": 0 }, "end": { "line": 78, "column": 4 } },
      "78": { "start": { "line": 79, "column": 0 }, "end": { "line": 79, "column": 2 } },
      "79": { "start": { "line": 80, "column": 0 }, "end": { "line": 80, "column": 0 } },
      "80": { "start": { "line": 81, "column": 0 }, "end": { "line": 81, "column": 22 } }
    },
    "s": {
      "0": 1,
      "1": 1,
      "2": 1,
      "3": 1,
      "4": 1,
      "5": 2,
      "6": 2,
      "7": 2,
      "8": 2,
      "9": 2,
      "10": 2,
      "11": 2,
      "12": 2,
      "13": 2,
      "14": 2,
      "15": 2,
      "16": 2,
      "17": 2,
      "18": 2,
      "19": 2,
      "20": 2,
      "21": 2,
      "22": 2,
      "23": 2,
      "24": 2,
      "25": 2,
      "26": 2,
      "27": 2,
      "28": 2,
      "29": 2,
      "30": 2,
      "31": 2,
      "32": 2,
      "33": 2,
      "34": 2,
      "35": 2,
      "36": 2,
      "37": 2,
      "38": 2,
      "39": 2,
      "40": 2,
      "41": 2,
      "42": 2,
      "43": 2,
      "44": 2,
      "45": 2,
      "46": 2,
      "47": 2,
      "48": 2,
      "49": 2,
      "50": 2,
      "51": 2,
      "52": 2,
      "53": 2,
      "54": 2,
      "55": 2,
      "56": 2,
      "57": 2,
      "58": 2,
      "59": 2,
      "60": 2,
      "61": 2,
      "62": 2,
      "63": 2,
      "64": 2,
      "65": 2,
      "66": 2,
      "67": 2,
      "68": 2,
      "69": 2,
      "70": 2,
      "71": 2,
      "72": 2,
      "73": 2,
      "74": 2,
      "75": 2,
      "76": 2,
      "77": 2,
      "78": 2,
      "79": 1,
      "80": 1
    },
    "branchMap": {
      "0": {
        "type": "branch",
        "line": 5,
        "loc": { "start": { "line": 5, "column": 15 }, "end": { "line": 79, "column": 2 } },
        "locations": [{ "start": { "line": 5, "column": 15 }, "end": { "line": 79, "column": 2 } }]
      }
    },
    "b": { "0": [2] },
    "fnMap": {
      "0": {
        "name": "Footer",
        "decl": { "start": { "line": 5, "column": 15 }, "end": { "line": 79, "column": 2 } },
        "loc": { "start": { "line": 5, "column": 15 }, "end": { "line": 79, "column": 2 } },
        "line": 5
      }
    },
    "f": { "0": 2 }
  },
  "D:\\nstyle-copy\\src\\components\\footer\\index.tsx": {
    "path": "D:\\nstyle-copy\\src\\components\\footer\\index.tsx",
    "all": false,
    "statementMap": {
      "0": { "start": { "line": 1, "column": 0 }, "end": { "line": 1, "column": 30 } },
      "1": { "start": { "line": 2, "column": 0 }, "end": { "line": 2, "column": 22 } }
    },
    "s": { "0": 1, "1": 1 },
    "branchMap": {},
    "b": {},
    "fnMap": {},
    "f": {}
  },
  "D:\\nstyle-copy\\src\\components\\header\\header.tsx": {
    "path": "D:\\nstyle-copy\\src\\components\\header\\header.tsx",
    "all": true,
    "statementMap": {
      "0": { "start": { "line": 1, "column": 0 }, "end": { "line": 1, "column": 44 } },
      "1": { "start": { "line": 2, "column": 0 }, "end": { "line": 2, "column": 41 } },
      "2": { "start": { "line": 3, "column": 0 }, "end": { "line": 3, "column": 22 } },
      "3": { "start": { "line": 4, "column": 0 }, "end": { "line": 4, "column": 43 } },
      "4": { "start": { "line": 5, "column": 0 }, "end": { "line": 5, "column": 0 } },
      "5": { "start": { "line": 6, "column": 0 }, "end": { "line": 6, "column": 22 } },
      "6": { "start": { "line": 7, "column": 0 }, "end": { "line": 7, "column": 10 } },
      "7": { "start": { "line": 8, "column": 0 }, "end": { "line": 8, "column": 31 } },
      "8": { "start": { "line": 9, "column": 0 }, "end": { "line": 9, "column": 22 } },
      "9": { "start": { "line": 10, "column": 0 }, "end": { "line": 10, "column": 13 } },
      "10": { "start": { "line": 11, "column": 0 }, "end": { "line": 11, "column": 4 } },
      "11": { "start": { "line": 12, "column": 0 }, "end": { "line": 12, "column": 2 } },
      "12": { "start": { "line": 13, "column": 0 }, "end": { "line": 13, "column": 0 } },
      "13": { "start": { "line": 14, "column": 0 }, "end": { "line": 14, "column": 22 } },
      "14": { "start": { "line": 15, "column": 0 }, "end": { "line": 15, "column": 24 } },
      "15": { "start": { "line": 16, "column": 0 }, "end": { "line": 16, "column": 10 } },
      "16": { "start": { "line": 17, "column": 0 }, "end": { "line": 17, "column": 31 } },
      "17": { "start": { "line": 18, "column": 0 }, "end": { "line": 18, "column": 10 } },
      "18": { "start": { "line": 19, "column": 0 }, "end": { "line": 19, "column": 44 } },
      "19": { "start": { "line": 20, "column": 0 }, "end": { "line": 20, "column": 18 } },
      "20": { "start": { "line": 21, "column": 0 }, "end": { "line": 21, "column": 12 } },
      "21": { "start": { "line": 22, "column": 0 }, "end": { "line": 22, "column": 11 } },
      "22": { "start": { "line": 23, "column": 0 }, "end": { "line": 23, "column": 20 } },
      "23": { "start": { "line": 24, "column": 0 }, "end": { "line": 24, "column": 22 } },
      "24": { "start": { "line": 25, "column": 0 }, "end": { "line": 25, "column": 13 } },
      "25": { "start": { "line": 26, "column": 0 }, "end": { "line": 26, "column": 4 } },
      "26": { "start": { "line": 27, "column": 0 }, "end": { "line": 27, "column": 4 } }
    },
    "s": {
      "0": 0,
      "1": 0,
      "2": 0,
      "3": 0,
      "4": 0,
      "5": 0,
      "6": 0,
      "7": 0,
      "8": 0,
      "9": 0,
      "10": 0,
      "11": 0,
      "12": 0,
      "13": 0,
      "14": 0,
      "15": 0,
      "16": 0,
      "17": 0,
      "18": 0,
      "19": 0,
      "20": 0,
      "21": 0,
      "22": 0,
      "23": 0,
      "24": 0,
      "25": 0,
      "26": 0
    },
    "branchMap": {
      "0": {
        "type": "branch",
        "line": 1,
        "loc": { "start": { "line": 1, "column": 0 }, "end": { "line": 27, "column": 4 } },
        "locations": [{ "start": { "line": 1, "column": 0 }, "end": { "line": 27, "column": 4 } }]
      }
    },
    "b": { "0": [0] },
    "fnMap": {
      "0": {
        "name": "(empty-report)",
        "decl": { "start": { "line": 1, "column": 0 }, "end": { "line": 27, "column": 4 } },
        "loc": { "start": { "line": 1, "column": 0 }, "end": { "line": 27, "column": 4 } },
        "line": 1
      }
    },
    "f": { "0": 0 }
  },
  "D:\\nstyle-copy\\src\\components\\header\\index.tsx": {
    "path": "D:\\nstyle-copy\\src\\components\\header\\index.tsx",
    "all": true,
    "statementMap": {
      "0": { "start": { "line": 1, "column": 0 }, "end": { "line": 1, "column": 30 } },
      "1": { "start": { "line": 2, "column": 0 }, "end": { "line": 2, "column": 22 } }
    },
    "s": { "0": 0, "1": 0 },
    "branchMap": {
      "0": {
        "type": "branch",
        "line": 1,
        "loc": { "start": { "line": 1, "column": 0 }, "end": { "line": 2, "column": 22 } },
        "locations": [{ "start": { "line": 1, "column": 0 }, "end": { "line": 2, "column": 22 } }]
      }
    },
    "b": { "0": [0] },
    "fnMap": {
      "0": {
        "name": "(empty-report)",
        "decl": { "start": { "line": 1, "column": 0 }, "end": { "line": 2, "column": 22 } },
        "loc": { "start": { "line": 1, "column": 0 }, "end": { "line": 2, "column": 22 } },
        "line": 1
      }
    },
    "f": { "0": 0 }
  },
  "D:\\nstyle-copy\\src\\components\\navigation\\index.tsx": {
    "path": "D:\\nstyle-copy\\src\\components\\navigation\\index.tsx",
    "all": false,
    "statementMap": {
      "0": { "start": { "line": 1, "column": 0 }, "end": { "line": 1, "column": 38 } },
      "1": { "start": { "line": 2, "column": 0 }, "end": { "line": 2, "column": 26 } }
    },
    "s": { "0": 1, "1": 1 },
    "branchMap": {},
    "b": {},
    "fnMap": {},
    "f": {}
  },
  "D:\\nstyle-copy\\src\\components\\navigation\\navigation.tsx": {
    "path": "D:\\nstyle-copy\\src\\components\\navigation\\navigation.tsx",
    "all": false,
    "statementMap": {
      "0": { "start": { "line": 1, "column": 0 }, "end": { "line": 1, "column": 43 } },
      "1": { "start": { "line": 2, "column": 0 }, "end": { "line": 2, "column": 26 } },
      "2": { "start": { "line": 3, "column": 0 }, "end": { "line": 3, "column": 33 } },
      "3": { "start": { "line": 4, "column": 0 }, "end": { "line": 4, "column": 0 } },
      "4": { "start": { "line": 5, "column": 0 }, "end": { "line": 5, "column": 26 } },
      "5": { "start": { "line": 6, "column": 0 }, "end": { "line": 6, "column": 70 } },
      "6": { "start": { "line": 7, "column": 0 }, "end": { "line": 7, "column": 0 } },
      "7": { "start": { "line": 8, "column": 0 }, "end": { "line": 8, "column": 10 } },
      "8": { "start": { "line": 9, "column": 0 }, "end": { "line": 9, "column": 39 } },
      "9": { "start": { "line": 10, "column": 0 }, "end": { "line": 10, "column": 35 } },
      "10": { "start": { "line": 11, "column": 0 }, "end": { "line": 11, "column": 42 } },
      "11": { "start": { "line": 12, "column": 0 }, "end": { "line": 12, "column": 49 } },
      "12": { "start": { "line": 13, "column": 0 }, "end": { "line": 13, "column": 20 } },
      "13": { "start": { "line": 14, "column": 0 }, "end": { "line": 14, "column": 28 } },
      "14": { "start": { "line": 15, "column": 0 }, "end": { "line": 15, "column": 42 } },
      "15": { "start": { "line": 16, "column": 0 }, "end": { "line": 16, "column": 42 } },
      "16": { "start": { "line": 17, "column": 0 }, "end": { "line": 17, "column": 99 } },
      "17": { "start": { "line": 18, "column": 0 }, "end": { "line": 18, "column": 15 } },
      "18": { "start": { "line": 19, "column": 0 }, "end": { "line": 19, "column": 62 } },
      "19": { "start": { "line": 20, "column": 0 }, "end": { "line": 20, "column": 63 } },
      "20": { "start": { "line": 21, "column": 0 }, "end": { "line": 21, "column": 13 } },
      "21": { "start": { "line": 22, "column": 0 }, "end": { "line": 22, "column": 20 } },
      "22": { "start": { "line": 23, "column": 0 }, "end": { "line": 23, "column": 22 } },
      "23": { "start": { "line": 24, "column": 0 }, "end": { "line": 24, "column": 0 } },
      "24": { "start": { "line": 25, "column": 0 }, "end": { "line": 25, "column": 20 } },
      "25": { "start": { "line": 26, "column": 0 }, "end": { "line": 26, "column": 28 } },
      "26": { "start": { "line": 27, "column": 0 }, "end": { "line": 27, "column": 42 } },
      "27": { "start": { "line": 28, "column": 0 }, "end": { "line": 28, "column": 99 } },
      "28": { "start": { "line": 29, "column": 0 }, "end": { "line": 29, "column": 15 } },
      "29": { "start": { "line": 30, "column": 0 }, "end": { "line": 30, "column": 13 } },
      "30": { "start": { "line": 31, "column": 0 }, "end": { "line": 31, "column": 19 } },
      "31": { "start": { "line": 32, "column": 0 }, "end": { "line": 32, "column": 22 } },
      "32": { "start": { "line": 33, "column": 0 }, "end": { "line": 33, "column": 16 } },
      "33": { "start": { "line": 34, "column": 0 }, "end": { "line": 34, "column": 67 } },
      "34": { "start": { "line": 35, "column": 0 }, "end": { "line": 35, "column": 98 } },
      "35": { "start": { "line": 36, "column": 0 }, "end": { "line": 36, "column": 20 } },
      "36": { "start": { "line": 37, "column": 0 }, "end": { "line": 37, "column": 67 } },
      "37": { "start": { "line": 38, "column": 0 }, "end": { "line": 38, "column": 98 } },
      "38": { "start": { "line": 39, "column": 0 }, "end": { "line": 39, "column": 18 } },
      "39": { "start": { "line": 40, "column": 0 }, "end": { "line": 40, "column": 50 } },
      "40": { "start": { "line": 41, "column": 0 }, "end": { "line": 41, "column": 20 } },
      "41": { "start": { "line": 42, "column": 0 }, "end": { "line": 42, "column": 24 } },
      "42": { "start": { "line": 43, "column": 0 }, "end": { "line": 43, "column": 42 } },
      "43": { "start": { "line": 44, "column": 0 }, "end": { "line": 44, "column": 99 } },
      "44": { "start": { "line": 45, "column": 0 }, "end": { "line": 45, "column": 15 } },
      "45": { "start": { "line": 46, "column": 0 }, "end": { "line": 46, "column": 13 } },
      "46": { "start": { "line": 47, "column": 0 }, "end": { "line": 47, "column": 18 } },
      "47": { "start": { "line": 48, "column": 0 }, "end": { "line": 48, "column": 22 } },
      "48": { "start": { "line": 49, "column": 0 }, "end": { "line": 49, "column": 20 } },
      "49": { "start": { "line": 50, "column": 0 }, "end": { "line": 50, "column": 24 } },
      "50": { "start": { "line": 51, "column": 0 }, "end": { "line": 51, "column": 42 } },
      "51": { "start": { "line": 52, "column": 0 }, "end": { "line": 52, "column": 99 } },
      "52": { "start": { "line": 53, "column": 0 }, "end": { "line": 53, "column": 15 } },
      "53": { "start": { "line": 54, "column": 0 }, "end": { "line": 54, "column": 13 } },
      "54": { "start": { "line": 55, "column": 0 }, "end": { "line": 55, "column": 21 } },
      "55": { "start": { "line": 56, "column": 0 }, "end": { "line": 56, "column": 22 } },
      "56": { "start": { "line": 57, "column": 0 }, "end": { "line": 57, "column": 20 } },
      "57": { "start": { "line": 58, "column": 0 }, "end": { "line": 58, "column": 28 } },
      "58": { "start": { "line": 59, "column": 0 }, "end": { "line": 59, "column": 42 } },
      "59": { "start": { "line": 60, "column": 0 }, "end": { "line": 60, "column": 99 } },
      "60": { "start": { "line": 61, "column": 0 }, "end": { "line": 61, "column": 15 } },
      "61": { "start": { "line": 62, "column": 0 }, "end": { "line": 62, "column": 13 } },
      "62": { "start": { "line": 63, "column": 0 }, "end": { "line": 63, "column": 22 } },
      "63": { "start": { "line": 64, "column": 0 }, "end": { "line": 64, "column": 22 } },
      "64": { "start": { "line": 65, "column": 0 }, "end": { "line": 65, "column": 16 } },
      "65": { "start": { "line": 66, "column": 0 }, "end": { "line": 66, "column": 14 } },
      "66": { "start": { "line": 67, "column": 0 }, "end": { "line": 67, "column": 23 } },
      "67": { "start": { "line": 68, "column": 0 }, "end": { "line": 68, "column": 49 } },
      "68": { "start": { "line": 69, "column": 0 }, "end": { "line": 69, "column": 80 } },
      "69": { "start": { "line": 70, "column": 0 }, "end": { "line": 70, "column": 13 } },
      "70": { "start": { "line": 71, "column": 0 }, "end": { "line": 71, "column": 60 } },
      "71": { "start": { "line": 72, "column": 0 }, "end": { "line": 72, "column": 61 } },
      "72": { "start": { "line": 73, "column": 0 }, "end": { "line": 73, "column": 43 } },
      "73": { "start": { "line": 74, "column": 0 }, "end": { "line": 74, "column": 11 } },
      "74": { "start": { "line": 75, "column": 0 }, "end": { "line": 75, "column": 20 } },
      "75": { "start": { "line": 76, "column": 0 }, "end": { "line": 76, "column": 37 } },
      "76": { "start": { "line": 77, "column": 0 }, "end": { "line": 77, "column": 42 } },
      "77": { "start": { "line": 78, "column": 0 }, "end": { "line": 78, "column": 84 } },
      "78": { "start": { "line": 79, "column": 0 }, "end": { "line": 79, "column": 51 } },
      "79": { "start": { "line": 80, "column": 0 }, "end": { "line": 80, "column": 15 } },
      "80": { "start": { "line": 81, "column": 0 }, "end": { "line": 81, "column": 14 } },
      "81": { "start": { "line": 82, "column": 0 }, "end": { "line": 82, "column": 13 } },
      "82": { "start": { "line": 83, "column": 0 }, "end": { "line": 83, "column": 29 } },
      "83": { "start": { "line": 84, "column": 0 }, "end": { "line": 84, "column": 22 } },
      "84": { "start": { "line": 85, "column": 0 }, "end": { "line": 85, "column": 20 } },
      "85": { "start": { "line": 86, "column": 0 }, "end": { "line": 86, "column": 37 } },
      "86": { "start": { "line": 87, "column": 0 }, "end": { "line": 87, "column": 42 } },
      "87": { "start": { "line": 88, "column": 0 }, "end": { "line": 88, "column": 84 } },
      "88": { "start": { "line": 89, "column": 0 }, "end": { "line": 89, "column": 51 } },
      "89": { "start": { "line": 90, "column": 0 }, "end": { "line": 90, "column": 15 } },
      "90": { "start": { "line": 91, "column": 0 }, "end": { "line": 91, "column": 13 } },
      "91": { "start": { "line": 92, "column": 0 }, "end": { "line": 92, "column": 29 } },
      "92": { "start": { "line": 93, "column": 0 }, "end": { "line": 93, "column": 22 } },
      "93": { "start": { "line": 94, "column": 0 }, "end": { "line": 94, "column": 20 } },
      "94": { "start": { "line": 95, "column": 0 }, "end": { "line": 95, "column": 37 } },
      "95": { "start": { "line": 96, "column": 0 }, "end": { "line": 96, "column": 42 } },
      "96": { "start": { "line": 97, "column": 0 }, "end": { "line": 97, "column": 84 } },
      "97": { "start": { "line": 98, "column": 0 }, "end": { "line": 98, "column": 51 } },
      "98": { "start": { "line": 99, "column": 0 }, "end": { "line": 99, "column": 15 } },
      "99": { "start": { "line": 100, "column": 0 }, "end": { "line": 100, "column": 13 } },
      "100": { "start": { "line": 101, "column": 0 }, "end": { "line": 101, "column": 27 } },
      "101": { "start": { "line": 102, "column": 0 }, "end": { "line": 102, "column": 22 } },
      "102": { "start": { "line": 103, "column": 0 }, "end": { "line": 103, "column": 20 } },
      "103": { "start": { "line": 104, "column": 0 }, "end": { "line": 104, "column": 37 } },
      "104": { "start": { "line": 105, "column": 0 }, "end": { "line": 105, "column": 42 } },
      "105": { "start": { "line": 106, "column": 0 }, "end": { "line": 106, "column": 84 } },
      "106": { "start": { "line": 107, "column": 0 }, "end": { "line": 107, "column": 51 } },
      "107": { "start": { "line": 108, "column": 0 }, "end": { "line": 108, "column": 15 } },
      "108": { "start": { "line": 109, "column": 0 }, "end": { "line": 109, "column": 13 } },
      "109": { "start": { "line": 110, "column": 0 }, "end": { "line": 110, "column": 38 } },
      "110": { "start": { "line": 111, "column": 0 }, "end": { "line": 111, "column": 22 } },
      "111": { "start": { "line": 112, "column": 0 }, "end": { "line": 112, "column": 16 } },
      "112": { "start": { "line": 113, "column": 0 }, "end": { "line": 113, "column": 14 } },
      "113": { "start": { "line": 114, "column": 0 }, "end": { "line": 114, "column": 12 } },
      "114": { "start": { "line": 115, "column": 0 }, "end": { "line": 115, "column": 10 } },
      "115": { "start": { "line": 116, "column": 0 }, "end": { "line": 116, "column": 4 } },
      "116": { "start": { "line": 117, "column": 0 }, "end": { "line": 117, "column": 2 } },
      "117": { "start": { "line": 118, "column": 0 }, "end": { "line": 118, "column": 0 } },
      "118": { "start": { "line": 119, "column": 0 }, "end": { "line": 119, "column": 26 } }
    },
    "s": {
      "0": 1,
      "1": 1,
      "2": 1,
      "3": 1,
      "4": 1,
      "5": 7,
      "6": 7,
      "7": 7,
      "8": 7,
      "9": 7,
      "10": 7,
      "11": 7,
      "12": 7,
      "13": 7,
      "14": 7,
      "15": 7,
      "16": 9,
      "17": 7,
      "18": 7,
      "19": 7,
      "20": 7,
      "21": 7,
      "22": 7,
      "23": 7,
      "24": 7,
      "25": 7,
      "26": 7,
      "27": 9,
      "28": 7,
      "29": 7,
      "30": 7,
      "31": 7,
      "32": 7,
      "33": 7,
      "34": 7,
      "35": 7,
      "36": 7,
      "37": 7,
      "38": 7,
      "39": 7,
      "40": 7,
      "41": 7,
      "42": 7,
      "43": 9,
      "44": 7,
      "45": 7,
      "46": 7,
      "47": 7,
      "48": 7,
      "49": 7,
      "50": 7,
      "51": 9,
      "52": 7,
      "53": 7,
      "54": 7,
      "55": 7,
      "56": 7,
      "57": 7,
      "58": 7,
      "59": 9,
      "60": 7,
      "61": 7,
      "62": 7,
      "63": 7,
      "64": 7,
      "65": 7,
      "66": 7,
      "67": 7,
      "68": 7,
      "69": 7,
      "70": 7,
      "71": 7,
      "72": 7,
      "73": 7,
      "74": 7,
      "75": 7,
      "76": 7,
      "77": 9,
      "78": 9,
      "79": 7,
      "80": 7,
      "81": 7,
      "82": 7,
      "83": 7,
      "84": 7,
      "85": 7,
      "86": 7,
      "87": 9,
      "88": 9,
      "89": 7,
      "90": 7,
      "91": 7,
      "92": 7,
      "93": 7,
      "94": 7,
      "95": 7,
      "96": 9,
      "97": 9,
      "98": 7,
      "99": 7,
      "100": 7,
      "101": 7,
      "102": 7,
      "103": 7,
      "104": 7,
      "105": 9,
      "106": 9,
      "107": 7,
      "108": 7,
      "109": 7,
      "110": 7,
      "111": 7,
      "112": 7,
      "113": 7,
      "114": 7,
      "115": 7,
      "116": 7,
      "117": 1,
      "118": 1
    },
    "branchMap": {
      "0": {
        "type": "branch",
        "line": 5,
        "loc": { "start": { "line": 5, "column": 19 }, "end": { "line": 117, "column": 2 } },
        "locations": [{ "start": { "line": 5, "column": 19 }, "end": { "line": 117, "column": 2 } }]
      },
      "1": {
        "type": "branch",
        "line": 69,
        "loc": { "start": { "line": 69, "column": 15 }, "end": { "line": 69, "column": 77 } },
        "locations": [
          { "start": { "line": 69, "column": 15 }, "end": { "line": 69, "column": 77 } }
        ]
      },
      "2": {
        "type": "branch",
        "line": 69,
        "loc": { "start": { "line": 69, "column": 36 }, "end": { "line": 69, "column": 80 } },
        "locations": [
          { "start": { "line": 69, "column": 36 }, "end": { "line": 69, "column": 80 } }
        ]
      },
      "3": {
        "type": "branch",
        "line": 16,
        "loc": { "start": { "line": 16, "column": 25 }, "end": { "line": 17, "column": 99 } },
        "locations": [
          { "start": { "line": 16, "column": 25 }, "end": { "line": 17, "column": 99 } }
        ]
      },
      "4": {
        "type": "branch",
        "line": 17,
        "loc": { "start": { "line": 17, "column": 17 }, "end": { "line": 17, "column": 56 } },
        "locations": [
          { "start": { "line": 17, "column": 17 }, "end": { "line": 17, "column": 56 } }
        ]
      },
      "5": {
        "type": "branch",
        "line": 17,
        "loc": { "start": { "line": 17, "column": 28 }, "end": { "line": 17, "column": 70 } },
        "locations": [
          { "start": { "line": 17, "column": 28 }, "end": { "line": 17, "column": 70 } }
        ]
      },
      "6": {
        "type": "branch",
        "line": 19,
        "loc": { "start": { "line": 19, "column": 28 }, "end": { "line": 19, "column": 62 } },
        "locations": [
          { "start": { "line": 19, "column": 28 }, "end": { "line": 19, "column": 62 } }
        ]
      },
      "7": {
        "type": "branch",
        "line": 27,
        "loc": { "start": { "line": 27, "column": 25 }, "end": { "line": 28, "column": 99 } },
        "locations": [
          { "start": { "line": 27, "column": 25 }, "end": { "line": 28, "column": 99 } }
        ]
      },
      "8": {
        "type": "branch",
        "line": 28,
        "loc": { "start": { "line": 28, "column": 17 }, "end": { "line": 28, "column": 56 } },
        "locations": [
          { "start": { "line": 28, "column": 17 }, "end": { "line": 28, "column": 56 } }
        ]
      },
      "9": {
        "type": "branch",
        "line": 28,
        "loc": { "start": { "line": 28, "column": 28 }, "end": { "line": 28, "column": 70 } },
        "locations": [
          { "start": { "line": 28, "column": 28 }, "end": { "line": 28, "column": 70 } }
        ]
      },
      "10": {
        "type": "branch",
        "line": 43,
        "loc": { "start": { "line": 43, "column": 25 }, "end": { "line": 44, "column": 99 } },
        "locations": [
          { "start": { "line": 43, "column": 25 }, "end": { "line": 44, "column": 99 } }
        ]
      },
      "11": {
        "type": "branch",
        "line": 44,
        "loc": { "start": { "line": 44, "column": 17 }, "end": { "line": 44, "column": 56 } },
        "locations": [
          { "start": { "line": 44, "column": 17 }, "end": { "line": 44, "column": 56 } }
        ]
      },
      "12": {
        "type": "branch",
        "line": 51,
        "loc": { "start": { "line": 51, "column": 25 }, "end": { "line": 52, "column": 99 } },
        "locations": [
          { "start": { "line": 51, "column": 25 }, "end": { "line": 52, "column": 99 } }
        ]
      },
      "13": {
        "type": "branch",
        "line": 52,
        "loc": { "start": { "line": 52, "column": 17 }, "end": { "line": 52, "column": 56 } },
        "locations": [
          { "start": { "line": 52, "column": 17 }, "end": { "line": 52, "column": 56 } }
        ]
      },
      "14": {
        "type": "branch",
        "line": 59,
        "loc": { "start": { "line": 59, "column": 25 }, "end": { "line": 60, "column": 99 } },
        "locations": [
          { "start": { "line": 59, "column": 25 }, "end": { "line": 60, "column": 99 } }
        ]
      },
      "15": {
        "type": "branch",
        "line": 60,
        "loc": { "start": { "line": 60, "column": 17 }, "end": { "line": 60, "column": 56 } },
        "locations": [
          { "start": { "line": 60, "column": 17 }, "end": { "line": 60, "column": 56 } }
        ]
      },
      "16": {
        "type": "branch",
        "line": 77,
        "loc": { "start": { "line": 77, "column": 25 }, "end": { "line": 79, "column": 51 } },
        "locations": [
          { "start": { "line": 77, "column": 25 }, "end": { "line": 79, "column": 51 } }
        ]
      },
      "17": {
        "type": "branch",
        "line": 78,
        "loc": { "start": { "line": 78, "column": 17 }, "end": { "line": 78, "column": 71 } },
        "locations": [
          { "start": { "line": 78, "column": 17 }, "end": { "line": 78, "column": 71 } }
        ]
      },
      "18": {
        "type": "branch",
        "line": 87,
        "loc": { "start": { "line": 87, "column": 25 }, "end": { "line": 89, "column": 51 } },
        "locations": [
          { "start": { "line": 87, "column": 25 }, "end": { "line": 89, "column": 51 } }
        ]
      },
      "19": {
        "type": "branch",
        "line": 88,
        "loc": { "start": { "line": 88, "column": 17 }, "end": { "line": 88, "column": 71 } },
        "locations": [
          { "start": { "line": 88, "column": 17 }, "end": { "line": 88, "column": 71 } }
        ]
      },
      "20": {
        "type": "branch",
        "line": 96,
        "loc": { "start": { "line": 96, "column": 25 }, "end": { "line": 98, "column": 51 } },
        "locations": [
          { "start": { "line": 96, "column": 25 }, "end": { "line": 98, "column": 51 } }
        ]
      },
      "21": {
        "type": "branch",
        "line": 97,
        "loc": { "start": { "line": 97, "column": 17 }, "end": { "line": 97, "column": 71 } },
        "locations": [
          { "start": { "line": 97, "column": 17 }, "end": { "line": 97, "column": 71 } }
        ]
      },
      "22": {
        "type": "branch",
        "line": 105,
        "loc": { "start": { "line": 105, "column": 25 }, "end": { "line": 107, "column": 51 } },
        "locations": [
          { "start": { "line": 105, "column": 25 }, "end": { "line": 107, "column": 51 } }
        ]
      },
      "23": {
        "type": "branch",
        "line": 106,
        "loc": { "start": { "line": 106, "column": 17 }, "end": { "line": 106, "column": 71 } },
        "locations": [
          { "start": { "line": 106, "column": 17 }, "end": { "line": 106, "column": 71 } }
        ]
      }
    },
    "b": {
      "0": [7],
      "1": [2],
      "2": [5],
      "3": [9],
      "4": [2],
      "5": [7],
      "6": [2],
      "7": [9],
      "8": [1],
      "9": [8],
      "10": [9],
      "11": [0],
      "12": [9],
      "13": [0],
      "14": [9],
      "15": [0],
      "16": [9],
      "17": [0],
      "18": [9],
      "19": [0],
      "20": [9],
      "21": [0],
      "22": [9],
      "23": [0]
    },
    "fnMap": {
      "0": {
        "name": "Navigation",
        "decl": { "start": { "line": 5, "column": 19 }, "end": { "line": 117, "column": 2 } },
        "loc": { "start": { "line": 5, "column": 19 }, "end": { "line": 117, "column": 2 } },
        "line": 5
      },
      "1": {
        "name": "className",
        "decl": { "start": { "line": 16, "column": 25 }, "end": { "line": 17, "column": 99 } },
        "loc": { "start": { "line": 16, "column": 25 }, "end": { "line": 17, "column": 99 } },
        "line": 16
      },
      "2": {
        "name": "onMouseEnter",
        "decl": { "start": { "line": 19, "column": 28 }, "end": { "line": 19, "column": 62 } },
        "loc": { "start": { "line": 19, "column": 28 }, "end": { "line": 19, "column": 62 } },
        "line": 19
      },
      "3": {
        "name": "onMouseLeave",
        "decl": { "start": { "line": 20, "column": 28 }, "end": { "line": 20, "column": 63 } },
        "loc": { "start": { "line": 20, "column": 28 }, "end": { "line": 20, "column": 63 } },
        "line": 20
      },
      "4": {
        "name": "className",
        "decl": { "start": { "line": 27, "column": 25 }, "end": { "line": 28, "column": 99 } },
        "loc": { "start": { "line": 27, "column": 25 }, "end": { "line": 28, "column": 99 } },
        "line": 27
      },
      "5": {
        "name": "className",
        "decl": { "start": { "line": 43, "column": 25 }, "end": { "line": 44, "column": 99 } },
        "loc": { "start": { "line": 43, "column": 25 }, "end": { "line": 44, "column": 99 } },
        "line": 43
      },
      "6": {
        "name": "className",
        "decl": { "start": { "line": 51, "column": 25 }, "end": { "line": 52, "column": 99 } },
        "loc": { "start": { "line": 51, "column": 25 }, "end": { "line": 52, "column": 99 } },
        "line": 51
      },
      "7": {
        "name": "className",
        "decl": { "start": { "line": 59, "column": 25 }, "end": { "line": 60, "column": 99 } },
        "loc": { "start": { "line": 59, "column": 25 }, "end": { "line": 60, "column": 99 } },
        "line": 59
      },
      "8": {
        "name": "onMouseEnter",
        "decl": { "start": { "line": 71, "column": 26 }, "end": { "line": 71, "column": 60 } },
        "loc": { "start": { "line": 71, "column": 26 }, "end": { "line": 71, "column": 60 } },
        "line": 71
      },
      "9": {
        "name": "onMouseLeave",
        "decl": { "start": { "line": 72, "column": 26 }, "end": { "line": 72, "column": 61 } },
        "loc": { "start": { "line": 72, "column": 26 }, "end": { "line": 72, "column": 61 } },
        "line": 72
      },
      "10": {
        "name": "className",
        "decl": { "start": { "line": 77, "column": 25 }, "end": { "line": 79, "column": 51 } },
        "loc": { "start": { "line": 77, "column": 25 }, "end": { "line": 79, "column": 51 } },
        "line": 77
      },
      "11": {
        "name": "className",
        "decl": { "start": { "line": 87, "column": 25 }, "end": { "line": 89, "column": 51 } },
        "loc": { "start": { "line": 87, "column": 25 }, "end": { "line": 89, "column": 51 } },
        "line": 87
      },
      "12": {
        "name": "className",
        "decl": { "start": { "line": 96, "column": 25 }, "end": { "line": 98, "column": 51 } },
        "loc": { "start": { "line": 96, "column": 25 }, "end": { "line": 98, "column": 51 } },
        "line": 96
      },
      "13": {
        "name": "className",
        "decl": { "start": { "line": 105, "column": 25 }, "end": { "line": 107, "column": 51 } },
        "loc": { "start": { "line": 105, "column": 25 }, "end": { "line": 107, "column": 51 } },
        "line": 105
      }
    },
    "f": {
      "0": 7,
      "1": 9,
      "2": 2,
      "3": 0,
      "4": 9,
      "5": 9,
      "6": 9,
      "7": 9,
      "8": 0,
      "9": 0,
      "10": 9,
      "11": 9,
      "12": 9,
      "13": 9
    }
  },
  "D:\\nstyle-copy\\src\\components\\socialMediaLink\\index.tsx": {
    "path": "D:\\nstyle-copy\\src\\components\\socialMediaLink\\index.tsx",
    "all": false,
    "statementMap": {
      "0": { "start": { "line": 1, "column": 0 }, "end": { "line": 1, "column": 48 } },
      "1": { "start": { "line": 2, "column": 0 }, "end": { "line": 2, "column": 31 } }
    },
    "s": { "0": 1, "1": 1 },
    "branchMap": {},
    "b": {},
    "fnMap": {},
    "f": {}
  },
  "D:\\nstyle-copy\\src\\components\\socialMediaLink\\socialMediaLink.tsx": {
    "path": "D:\\nstyle-copy\\src\\components\\socialMediaLink\\socialMediaLink.tsx",
    "all": false,
    "statementMap": {
      "0": { "start": { "line": 1, "column": 0 }, "end": { "line": 1, "column": 65 } },
      "1": { "start": { "line": 2, "column": 0 }, "end": { "line": 2, "column": 8 } },
      "2": { "start": { "line": 3, "column": 0 }, "end": { "line": 3, "column": 12 } },
      "3": { "start": { "line": 4, "column": 0 }, "end": { "line": 4, "column": 10 } },
      "4": { "start": { "line": 5, "column": 0 }, "end": { "line": 5, "column": 13 } },
      "5": { "start": { "line": 6, "column": 0 }, "end": { "line": 6, "column": 13 } },
      "6": { "start": { "line": 7, "column": 0 }, "end": { "line": 7, "column": 14 } },
      "7": { "start": { "line": 8, "column": 0 }, "end": { "line": 8, "column": 7 } },
      "8": { "start": { "line": 9, "column": 0 }, "end": { "line": 9, "column": 14 } },
      "9": { "start": { "line": 10, "column": 0 }, "end": { "line": 10, "column": 44 } },
      "10": { "start": { "line": 11, "column": 0 }, "end": { "line": 11, "column": 31 } },
      "11": { "start": { "line": 12, "column": 0 }, "end": { "line": 12, "column": 0 } },
      "12": { "start": { "line": 13, "column": 0 }, "end": { "line": 13, "column": 31 } },
      "13": { "start": { "line": 14, "column": 0 }, "end": { "line": 14, "column": 10 } },
      "14": { "start": { "line": 15, "column": 0 }, "end": { "line": 15, "column": 9 } },
      "15": { "start": { "line": 16, "column": 0 }, "end": { "line": 16, "column": 50 } },
      "16": { "start": { "line": 17, "column": 0 }, "end": { "line": 17, "column": 12 } },
      "17": { "start": { "line": 18, "column": 0 }, "end": { "line": 18, "column": 12 } },
      "18": { "start": { "line": 19, "column": 0 }, "end": { "line": 19, "column": 44 } },
      "19": { "start": { "line": 20, "column": 0 }, "end": { "line": 20, "column": 33 } },
      "20": { "start": { "line": 21, "column": 0 }, "end": { "line": 21, "column": 37 } },
      "21": { "start": { "line": 22, "column": 0 }, "end": { "line": 22, "column": 27 } },
      "22": { "start": { "line": 23, "column": 0 }, "end": { "line": 23, "column": 34 } },
      "23": { "start": { "line": 24, "column": 0 }, "end": { "line": 24, "column": 11 } },
      "24": { "start": { "line": 25, "column": 0 }, "end": { "line": 25, "column": 49 } },
      "25": { "start": { "line": 26, "column": 0 }, "end": { "line": 26, "column": 14 } },
      "26": { "start": { "line": 27, "column": 0 }, "end": { "line": 27, "column": 13 } },
      "27": { "start": { "line": 28, "column": 0 }, "end": { "line": 28, "column": 12 } },
      "28": { "start": { "line": 29, "column": 0 }, "end": { "line": 29, "column": 12 } },
      "29": { "start": { "line": 30, "column": 0 }, "end": { "line": 30, "column": 44 } },
      "30": { "start": { "line": 31, "column": 0 }, "end": { "line": 31, "column": 30 } },
      "31": { "start": { "line": 32, "column": 0 }, "end": { "line": 32, "column": 37 } },
      "32": { "start": { "line": 33, "column": 0 }, "end": { "line": 33, "column": 27 } },
      "33": { "start": { "line": 34, "column": 0 }, "end": { "line": 34, "column": 34 } },
      "34": { "start": { "line": 35, "column": 0 }, "end": { "line": 35, "column": 11 } },
      "35": { "start": { "line": 36, "column": 0 }, "end": { "line": 36, "column": 46 } },
      "36": { "start": { "line": 37, "column": 0 }, "end": { "line": 37, "column": 14 } },
      "37": { "start": { "line": 38, "column": 0 }, "end": { "line": 38, "column": 13 } },
      "38": { "start": { "line": 39, "column": 0 }, "end": { "line": 39, "column": 12 } },
      "39": { "start": { "line": 40, "column": 0 }, "end": { "line": 40, "column": 12 } },
      "40": { "start": { "line": 41, "column": 0 }, "end": { "line": 41, "column": 44 } },
      "41": { "start": { "line": 42, "column": 0 }, "end": { "line": 42, "column": 33 } },
      "42": { "start": { "line": 43, "column": 0 }, "end": { "line": 43, "column": 37 } },
      "43": { "start": { "line": 44, "column": 0 }, "end": { "line": 44, "column": 27 } },
      "44": { "start": { "line": 45, "column": 0 }, "end": { "line": 45, "column": 34 } },
      "45": { "start": { "line": 46, "column": 0 }, "end": { "line": 46, "column": 11 } },
      "46": { "start": { "line": 47, "column": 0 }, "end": { "line": 47, "column": 49 } },
      "47": { "start": { "line": 48, "column": 0 }, "end": { "line": 48, "column": 14 } },
      "48": { "start": { "line": 49, "column": 0 }, "end": { "line": 49, "column": 13 } },
      "49": { "start": { "line": 50, "column": 0 }, "end": { "line": 50, "column": 12 } },
      "50": { "start": { "line": 51, "column": 0 }, "end": { "line": 51, "column": 12 } },
      "51": { "start": { "line": 52, "column": 0 }, "end": { "line": 52, "column": 60 } },
      "52": { "start": { "line": 53, "column": 0 }, "end": { "line": 53, "column": 34 } },
      "53": { "start": { "line": 54, "column": 0 }, "end": { "line": 54, "column": 37 } },
      "54": { "start": { "line": 55, "column": 0 }, "end": { "line": 55, "column": 27 } },
      "55": { "start": { "line": 56, "column": 0 }, "end": { "line": 56, "column": 34 } },
      "56": { "start": { "line": 57, "column": 0 }, "end": { "line": 57, "column": 11 } },
      "57": { "start": { "line": 58, "column": 0 }, "end": { "line": 58, "column": 50 } },
      "58": { "start": { "line": 59, "column": 0 }, "end": { "line": 59, "column": 14 } },
      "59": { "start": { "line": 60, "column": 0 }, "end": { "line": 60, "column": 13 } },
      "60": { "start": { "line": 61, "column": 0 }, "end": { "line": 61, "column": 12 } },
      "61": { "start": { "line": 62, "column": 0 }, "end": { "line": 62, "column": 12 } },
[...]
      "9": { "start": { "line": 10, "column": 0 }, "end": { "line": 10, "column": 4 } },
      "10": { "start": { "line": 11, "column": 0 }, "end": { "line": 11, "column": 2 } },
      "11": { "start": { "line": 12, "column": 0 }, "end": { "line": 12, "column": 0 } },
      "12": { "start": { "line": 13, "column": 0 }, "end": { "line": 13, "column": 24 } }
    },
    "s": {
      "0": 0,
      "1": 0,
      "2": 0,
      "3": 0,
      "4": 0,
      "5": 0,
      "6": 0,
      "7": 0,
      "8": 0,
      "9": 0,
      "10": 0,
      "11": 0,
      "12": 0
    },
    "branchMap": {
      "0": {
        "type": "branch",
        "line": 1,
        "loc": { "start": { "line": 1, "column": 0 }, "end": { "line": 13, "column": 24 } },
        "locations": [{ "start": { "line": 1, "column": 0 }, "end": { "line": 13, "column": 24 } }]
      }
    },
    "b": { "0": [0] },
    "fnMap": {
      "0": {
        "name": "(empty-report)",
        "decl": { "start": { "line": 1, "column": 0 }, "end": { "line": 13, "column": 24 } },
        "loc": { "start": { "line": 1, "column": 0 }, "end": { "line": 13, "column": 24 } },
        "line": 1
      }
    },
    "f": { "0": 0 }
  },
  "D:\\nstyle-copy\\src\\pages\\haidress\\index.tsx": {
    "path": "D:\\nstyle-copy\\src\\pages\\haidress\\index.tsx",
    "all": true,
    "statementMap": {
      "0": { "start": { "line": 1, "column": 0 }, "end": { "line": 1, "column": 34 } },
      "1": { "start": { "line": 2, "column": 0 }, "end": { "line": 2, "column": 24 } }
    },
    "s": { "0": 0, "1": 0 },
    "branchMap": {
      "0": {
        "type": "branch",
        "line": 1,
        "loc": { "start": { "line": 1, "column": 0 }, "end": { "line": 2, "column": 24 } },
        "locations": [{ "start": { "line": 1, "column": 0 }, "end": { "line": 2, "column": 24 } }]
      }
    },
    "b": { "0": [0] },
    "fnMap": {
      "0": {
        "name": "(empty-report)",
        "decl": { "start": { "line": 1, "column": 0 }, "end": { "line": 2, "column": 24 } },
        "loc": { "start": { "line": 1, "column": 0 }, "end": { "line": 2, "column": 24 } },
        "line": 1
      }
    },
    "f": { "0": 0 }
  },
  "D:\\nstyle-copy\\src\\pages\\home\\home.tsx": {
    "path": "D:\\nstyle-copy\\src\\pages\\home\\home.tsx",
    "all": true,
    "statementMap": {
      "0": { "start": { "line": 1, "column": 0 }, "end": { "line": 1, "column": 49 } },
      "1": { "start": { "line": 2, "column": 0 }, "end": { "line": 2, "column": 20 } },
      "2": { "start": { "line": 3, "column": 0 }, "end": { "line": 3, "column": 0 } },
      "3": { "start": { "line": 4, "column": 0 }, "end": { "line": 4, "column": 20 } },
      "4": { "start": { "line": 5, "column": 0 }, "end": { "line": 5, "column": 10 } },
      "5": { "start": { "line": 6, "column": 0 }, "end": { "line": 6, "column": 6 } },
      "6": { "start": { "line": 7, "column": 0 }, "end": { "line": 7, "column": 18 } },
      "7": { "start": { "line": 8, "column": 0 }, "end": { "line": 8, "column": 7 } },
      "8": { "start": { "line": 9, "column": 0 }, "end": { "line": 9, "column": 4 } },
      "9": { "start": { "line": 10, "column": 0 }, "end": { "line": 10, "column": 2 } },
      "10": { "start": { "line": 11, "column": 0 }, "end": { "line": 11, "column": 0 } },
      "11": { "start": { "line": 12, "column": 0 }, "end": { "line": 12, "column": 20 } }
    },
    "s": {
      "0": 0,
      "1": 0,
      "2": 0,
      "3": 0,
      "4": 0,
      "5": 0,
      "6": 0,
      "7": 0,
      "8": 0,
      "9": 0,
      "10": 0,
      "11": 0
    },
    "branchMap": {
      "0": {
        "type": "branch",
        "line": 1,
        "loc": { "start": { "line": 1, "column": 0 }, "end": { "line": 12, "column": 20 } },
        "locations": [{ "start": { "line": 1, "column": 0 }, "end": { "line": 12, "column": 20 } }]
      }
    },
    "b": { "0": [0] },
    "fnMap": {
      "0": {
        "name": "(empty-report)",
        "decl": { "start": { "line": 1, "column": 0 }, "end": { "line": 12, "column": 20 } },
        "loc": { "start": { "line": 1, "column": 0 }, "end": { "line": 12, "column": 20 } },
        "line": 1
      }
    },
    "f": { "0": 0 }
  },
  "D:\\nstyle-copy\\src\\pages\\home\\index.tsx": {
    "path": "D:\\nstyle-copy\\src\\pages\\home\\index.tsx",
    "all": true,
    "statementMap": {
      "0": { "start": { "line": 1, "column": 0 }, "end": { "line": 1, "column": 26 } },
      "1": { "start": { "line": 2, "column": 0 }, "end": { "line": 2, "column": 20 } }
    },
    "s": { "0": 0, "1": 0 },
    "branchMap": {
      "0": {
        "type": "branch",
        "line": 1,
        "loc": { "start": { "line": 1, "column": 0 }, "end": { "line": 2, "column": 20 } },
        "locations": [{ "start": { "line": 1, "column": 0 }, "end": { "line": 2, "column": 20 } }]
      }
    },
    "b": { "0": [0] },
    "fnMap": {
      "0": {
        "name": "(empty-report)",
        "decl": { "start": { "line": 1, "column": 0 }, "end": { "line": 2, "column": 20 } },
        "loc": { "start": { "line": 1, "column": 0 }, "end": { "line": 2, "column": 20 } },
        "line": 1
      }
    },
    "f": { "0": 0 }
  },
  "D:\\nstyle-copy\\src\\pages\\manicure\\index.tsx": {
    "path": "D:\\nstyle-copy\\src\\pages\\manicure\\index.tsx",
    "all": true,
    "statementMap": {
      "0": { "start": { "line": 1, "column": 0 }, "end": { "line": 1, "column": 34 } },
      "1": { "start": { "line": 2, "column": 0 }, "end": { "line": 2, "column": 24 } }
    },
    "s": { "0": 0, "1": 0 },
    "branchMap": {
      "0": {
        "type": "branch",
        "line": 1,
        "loc": { "start": { "line": 1, "column": 0 }, "end": { "line": 2, "column": 24 } },
        "locations": [{ "start": { "line": 1, "column": 0 }, "end": { "line": 2, "column": 24 } }]
      }
    },
    "b": { "0": [0] },
    "fnMap": {
      "0": {
        "name": "(empty-report)",
        "decl": { "start": { "line": 1, "column": 0 }, "end": { "line": 2, "column": 24 } },
        "loc": { "start": { "line": 1, "column": 0 }, "end": { "line": 2, "column": 24 } },
        "line": 1
      }
    },
    "f": { "0": 0 }
  },
  "D:\\nstyle-copy\\src\\pages\\manicure\\manicure.tsx": {
    "path": "D:\\nstyle-copy\\src\\pages\\manicure\\manicure.tsx",
    "all": true,
    "statementMap": {
      "0": { "start": { "line": 1, "column": 0 }, "end": { "line": 1, "column": 49 } },
      "1": { "start": { "line": 2, "column": 0 }, "end": { "line": 2, "column": 24 } },
      "2": { "start": { "line": 3, "column": 0 }, "end": { "line": 3, "column": 0 } },
      "3": { "start": { "line": 4, "column": 0 }, "end": { "line": 4, "column": 24 } },
      "4": { "start": { "line": 5, "column": 0 }, "end": { "line": 5, "column": 10 } },
      "5": { "start": { "line": 6, "column": 0 }, "end": { "line": 6, "column": 6 } },
      "6": { "start": { "line": 7, "column": 0 }, "end": { "line": 7, "column": 18 } },
      "7": { "start": { "line": 8, "column": 0 }, "end": { "line": 8, "column": 7 } },
      "8": { "start": { "line": 9, "column": 0 }, "end": { "line": 9, "column": 4 } },
      "9": { "start": { "line": 10, "column": 0 }, "end": { "line": 10, "column": 2 } },
      "10": { "start": { "line": 11, "column": 0 }, "end": { "line": 11, "column": 0 } },
      "11": { "start": { "line": 12, "column": 0 }, "end": { "line": 12, "column": 24 } }
    },
    "s": {
      "0": 0,
      "1": 0,
      "2": 0,
      "3": 0,
      "4": 0,
      "5": 0,
      "6": 0,
      "7": 0,
      "8": 0,
      "9": 0,
      "10": 0,
      "11": 0
    },
    "branchMap": {
      "0": {
        "type": "branch",
        "line": 1,
        "loc": { "start": { "line": 1, "column": 0 }, "end": { "line": 12, "column": 24 } },
        "locations": [{ "start": { "line": 1, "column": 0 }, "end": { "line": 12, "column": 24 } }]
      }
    },
    "b": { "0": [0] },
    "fnMap": {
      "0": {
        "name": "(empty-report)",
        "decl": { "start": { "line": 1, "column": 0 }, "end": { "line": 12, "column": 24 } },
        "loc": { "start": { "line": 1, "column": 0 }, "end": { "line": 12, "column": 24 } },
        "line": 1
      }
    },
    "f": { "0": 0 }
  },
  "D:\\nstyle-copy\\src\\pages\\services\\index.tsx": {
    "path": "D:\\nstyle-copy\\src\\pages\\services\\index.tsx",
    "all": true,
    "statementMap": {
      "0": { "start": { "line": 1, "column": 0 }, "end": { "line": 1, "column": 34 } },
      "1": { "start": { "line": 2, "column": 0 }, "end": { "line": 2, "column": 24 } }
    },
    "s": { "0": 0, "1": 0 },
    "branchMap": {
      "0": {
        "type": "branch",
        "line": 1,
        "loc": { "start": { "line": 1, "column": 0 }, "end": { "line": 2, "column": 24 } },
        "locations": [{ "start": { "line": 1, "column": 0 }, "end": { "line": 2, "column": 24 } }]
      }
    },
    "b": { "0": [0] },
    "fnMap": {
      "0": {
        "name": "(empty-report)",
        "decl": { "start": { "line": 1, "column": 0 }, "end": { "line": 2, "column": 24 } },
        "loc": { "start": { "line": 1, "column": 0 }, "end": { "line": 2, "column": 24 } },
        "line": 1
      }
    },
    "f": { "0": 0 }
  },
  "D:\\nstyle-copy\\src\\pages\\services\\services.tsx": {
    "path": "D:\\nstyle-copy\\src\\pages\\services\\services.tsx",
    "all": true,
    "statementMap": {
      "0": { "start": { "line": 1, "column": 0 }, "end": { "line": 1, "column": 49 } },
      "1": { "start": { "line": 2, "column": 0 }, "end": { "line": 2, "column": 24 } },
      "2": { "start": { "line": 3, "column": 0 }, "end": { "line": 3, "column": 0 } },
      "3": { "start": { "line": 4, "column": 0 }, "end": { "line": 4, "column": 24 } },
      "4": { "start": { "line": 5, "column": 0 }, "end": { "line": 5, "column": 10 } },
      "5": { "start": { "line": 6, "column": 0 }, "end": { "line": 6, "column": 6 } },
      "6": { "start": { "line": 7, "column": 0 }, "end": { "line": 7, "column": 18 } },
      "7": { "start": { "line": 8, "column": 0 }, "end": { "line": 8, "column": 7 } },
      "8": { "start": { "line": 9, "column": 0 }, "end": { "line": 9, "column": 4 } },
      "9": { "start": { "line": 10, "column": 0 }, "end": { "line": 10, "column": 2 } },
      "10": { "start": { "line": 11, "column": 0 }, "end": { "line": 11, "column": 0 } },
      "11": { "start": { "line": 12, "column": 0 }, "end": { "line": 12, "column": 24 } }
    },
    "s": {
      "0": 0,
      "1": 0,
      "2": 0,
      "3": 0,
      "4": 0,
      "5": 0,
      "6": 0,
      "7": 0,
      "8": 0,
      "9": 0,
      "10": 0,
      "11": 0
    },
    "branchMap": {
      "0": {
        "type": "branch",
        "line": 1,
        "loc": { "start": { "line": 1, "column": 0 }, "end": { "line": 12, "column": 24 } },
        "locations": [{ "start": { "line": 1, "column": 0 }, "end": { "line": 12, "column": 24 } }]
      }
    },
    "b": { "0": [0] },
    "fnMap": {
      "0": {
        "name": "(empty-report)",
        "decl": { "start": { "line": 1, "column": 0 }, "end": { "line": 12, "column": 24 } },
        "loc": { "start": { "line": 1, "column": 0 }, "end": { "line": 12, "column": 24 } },
        "line": 1
      }
    },
    "f": { "0": 0 }
  },
  "D:\\nstyle-copy\\src\\pages\\team\\index.tsx": {
    "path": "D:\\nstyle-copy\\src\\pages\\team\\index.tsx",
    "all": true,
    "statementMap": {
      "0": { "start": { "line": 1, "column": 0 }, "end": { "line": 1, "column": 26 } },
      "1": { "start": { "line": 2, "column": 0 }, "end": { "line": 2, "column": 20 } }
    },
    "s": { "0": 0, "1": 0 },
    "branchMap": {
      "0": {
        "type": "branch",
        "line": 1,
        "loc": { "start": { "line": 1, "column": 0 }, "end": { "line": 2, "column": 20 } },
        "locations": [{ "start": { "line": 1, "column": 0 }, "end": { "line": 2, "column": 20 } }]
      }
    },
    "b": { "0": [0] },
    "fnMap": {
      "0": {
        "name": "(empty-report)",
        "decl": { "start": { "line": 1, "column": 0 }, "end": { "line": 2, "column": 20 } },
        "loc": { "start": { "line": 1, "column": 0 }, "end": { "line": 2, "column": 20 } },
        "line": 1
      }
    },
    "f": { "0": 0 }
  },
  "D:\\nstyle-copy\\src\\pages\\team\\team.tsx": {
    "path": "D:\\nstyle-copy\\src\\pages\\team\\team.tsx",
    "all": true,
    "statementMap": {
      "0": { "start": { "line": 1, "column": 0 }, "end": { "line": 1, "column": 49 } },
      "1": { "start": { "line": 2, "column": 0 }, "end": { "line": 2, "column": 20 } },
      "2": { "start": { "line": 3, "column": 0 }, "end": { "line": 3, "column": 0 } },
      "3": { "start": { "line": 4, "column": 0 }, "end": { "line": 4, "column": 20 } },
      "4": { "start": { "line": 5, "column": 0 }, "end": { "line": 5, "column": 10 } },
      "5": { "start": { "line": 6, "column": 0 }, "end": { "line": 6, "column": 6 } },
      "6": { "start": { "line": 7, "column": 0 }, "end": { "line": 7, "column": 18 } },
      "7": { "start": { "line": 8, "column": 0 }, "end": { "line": 8, "column": 22 } },
      "8": { "start": { "line": 9, "column": 0 }, "end": { "line": 9, "column": 7 } },
      "9": { "start": { "line": 10, "column": 0 }, "end": { "line": 10, "column": 4 } },
      "10": { "start": { "line": 11, "column": 0 }, "end": { "line": 11, "column": 2 } },
      "11": { "start": { "line": 12, "column": 0 }, "end": { "line": 12, "column": 0 } },
      "12": { "start": { "line": 13, "column": 0 }, "end": { "line": 13, "column": 20 } }
    },
    "s": {
      "0": 0,
      "1": 0,
      "2": 0,
      "3": 0,
      "4": 0,
      "5": 0,
      "6": 0,
      "7": 0,
      "8": 0,
      "9": 0,
      "10": 0,
      "11": 0,
      "12": 0
    },
    "branchMap": {
      "0": {
        "type": "branch",
        "line": 1,
        "loc": { "start": { "line": 1, "column": 0 }, "end": { "line": 13, "column": 20 } },
        "locations": [{ "start": { "line": 1, "column": 0 }, "end": { "line": 13, "column": 20 } }]
      }
    },
    "b": { "0": [0] },
    "fnMap": {
      "0": {
        "name": "(empty-report)",
        "decl": { "start": { "line": 1, "column": 0 }, "end": { "line": 13, "column": 20 } },
        "loc": { "start": { "line": 1, "column": 0 }, "end": { "line": 13, "column": 20 } },
        "line": 1
      }
    },
    "f": { "0": 0 }
  },
  "D:\\nstyle-copy\\src\\pages\\vacancies\\intex.tsx": {
    "path": "D:\\nstyle-copy\\src\\pages\\vacancies\\intex.tsx",
    "all": true,
    "statementMap": {
      "0": { "start": { "line": 1, "column": 0 }, "end": { "line": 1, "column": 36 } },
      "1": { "start": { "line": 2, "column": 0 }, "end": { "line": 2, "column": 25 } }
    },
    "s": { "0": 0, "1": 0 },
    "branchMap": {
      "0": {
        "type": "branch",
        "line": 1,
        "loc": { "start": { "line": 1, "column": 0 }, "end": { "line": 2, "column": 25 } },
        "locations": [{ "start": { "line": 1, "column": 0 }, "end": { "line": 2, "column": 25 } }]
      }
    },
    "b": { "0": [0] },
    "fnMap": {
      "0": {
        "name": "(empty-report)",
        "decl": { "start": { "line": 1, "column": 0 }, "end": { "line": 2, "column": 25 } },
        "loc": { "start": { "line": 1, "column": 0 }, "end": { "line": 2, "column": 25 } },
        "line": 1
      }
    },
    "f": { "0": 0 }
  },
  "D:\\nstyle-copy\\src\\pages\\vacancies\\vacancies.tsx": {
    "path": "D:\\nstyle-copy\\src\\pages\\vacancies\\vacancies.tsx",
    "all": true,
    "statementMap": {
      "0": { "start": { "line": 1, "column": 0 }, "end": { "line": 1, "column": 49 } },
      "1": { "start": { "line": 2, "column": 0 }, "end": { "line": 2, "column": 24 } },
      "2": { "start": { "line": 3, "column": 0 }, "end": { "line": 3, "column": 0 } },
      "3": { "start": { "line": 4, "column": 0 }, "end": { "line": 4, "column": 25 } },
      "4": { "start": { "line": 5, "column": 0 }, "end": { "line": 5, "column": 10 } },
      "5": { "start": { "line": 6, "column": 0 }, "end": { "line": 6, "column": 6 } },
      "6": { "start": { "line": 7, "column": 0 }, "end": { "line": 7, "column": 18 } },
      "7": { "start": { "line": 8, "column": 0 }, "end": { "line": 8, "column": 7 } },
      "8": { "start": { "line": 9, "column": 0 }, "end": { "line": 9, "column": 4 } },
      "9": { "start": { "line": 10, "column": 0 }, "end": { "line": 10, "column": 2 } },
      "10": { "start": { "line": 11, "column": 0 }, "end": { "line": 11, "column": 0 } },
      "11": { "start": { "line": 12, "column": 0 }, "end": { "line": 12, "column": 25 } }
    },
    "s": {
      "0": 0,
      "1": 0,
      "2": 0,
      "3": 0,
      "4": 0,
      "5": 0,
      "6": 0,
      "7": 0,
      "8": 0,
      "9": 0,
      "10": 0,
      "11": 0
    },
    "branchMap": {
      "0": {
        "type": "branch",
        "line": 1,
        "loc": { "start": { "line": 1, "column": 0 }, "end": { "line": 12, "column": 25 } },
        "locations": [{ "start": { "line": 1, "column": 0 }, "end": { "line": 12, "column": 25 } }]
      }
    },
    "b": { "0": [0] },
    "fnMap": {
      "0": {
        "name": "(empty-report)",
        "decl": { "start": { "line": 1, "column": 0 }, "end": { "line": 12, "column": 25 } },
        "loc": { "start": { "line": 1, "column": 0 }, "end": { "line": 12, "column": 25 } },
        "line": 1
      }
    },
    "f": { "0": 0 }
  },
  "D:\\nstyle-copy\\src\\type\\costType.tsx": {
    "path": "D:\\nstyle-copy\\src\\type\\costType.tsx",
    "all": true,
    "statementMap": {
      "0": { "start": { "line": 1, "column": 0 }, "end": { "line": 1, "column": 23 } },
      "1": { "start": { "line": 2, "column": 0 }, "end": { "line": 2, "column": 13 } },
      "2": { "start": { "line": 3, "column": 0 }, "end": { "line": 3, "column": 15 } },
      "3": { "start": { "line": 4, "column": 0 }, "end": { "line": 4, "column": 15 } },
      "4": { "start": { "line": 5, "column": 0 }, "end": { "line": 5, "column": 2 } },
      "5": { "start": { "line": 6, "column": 0 }, "end": { "line": 6, "column": 0 } },
      "6": { "start": { "line": 7, "column": 0 }, "end": { "line": 7, "column": 25 } },
      "7": { "start": { "line": 8, "column": 0 }, "end": { "line": 8, "column": 13 } },
      "8": { "start": { "line": 9, "column": 0 }, "end": { "line": 9, "column": 15 } },
      "9": { "start": { "line": 10, "column": 0 }, "end": { "line": 10, "column": 29 } },
      "10": { "start": { "line": 11, "column": 0 }, "end": { "line": 11, "column": 2 } },
      "11": { "start": { "line": 12, "column": 0 }, "end": { "line": 12, "column": 0 } },
      "12": { "start": { "line": 13, "column": 0 }, "end": { "line": 13, "column": 24 } },
      "13": { "start": { "line": 14, "column": 0 }, "end": { "line": 14, "column": 15 } },
      "14": { "start": { "line": 15, "column": 0 }, "end": { "line": 15, "column": 30 } },
      "15": { "start": { "line": 16, "column": 0 }, "end": { "line": 16, "column": 2 } },
      "16": { "start": { "line": 17, "column": 0 }, "end": { "line": 17, "column": 0 } },
      "17": { "start": { "line": 18, "column": 0 }, "end": { "line": 18, "column": 66 } }
    },
    "s": {
      "0": 0,
      "1": 0,
      "2": 0,
      "3": 0,
      "4": 0,
      "5": 0,
      "6": 0,
      "7": 0,
      "8": 0,
      "9": 0,
      "10": 0,
      "11": 0,
      "12": 0,
      "13": 0,
      "14": 0,
      "15": 0,
      "16": 0,
      "17": 0
    },
    "branchMap": {
      "0": {
        "type": "branch",
        "line": 1,
        "loc": { "start": { "line": 1, "column": 0 }, "end": { "line": 18, "column": 66 } },
        "locations": [{ "start": { "line": 1, "column": 0 }, "end": { "line": 18, "column": 66 } }]
      }
    },
    "b": { "0": [0] },
    "fnMap": {
      "0": {
        "name": "(empty-report)",
        "decl": { "start": { "line": 1, "column": 0 }, "end": { "line": 18, "column": 66 } },
        "loc": { "start": { "line": 1, "column": 0 }, "end": { "line": 18, "column": 66 } },
        "line": 1
      }
    },
    "f": { "0": 0 }
  }
}
